#
# There is insufficient memory for the Java Runtime Environment to continue.
# Native memory allocation (mmap) failed to map 65536 bytes. Error detail: Failed to commit metaspace.
# Possible reasons:
#   The system is out of physical RAM or swap space
#   This process is running with CompressedOops enabled, and the Java Heap may be blocking the growth of the native heap
# Possible solutions:
#   Reduce memory load on the system
#   Increase physical memory or swap space
#   Check if swap backing store is full
#   Decrease Java heap size (-Xmx/-Xms)
#   Decrease number of Java threads
#   Decrease Java thread stack sizes (-Xss)
#   Set larger code cache with -XX:ReservedCodeCacheSize=
#   JVM is running with Unscaled Compressed Oops mode in which the Java heap is
#     placed in the first 4GB address space. The Java Heap base address is the
#     maximum limit for the native heap growth. Please use -XX:HeapBaseMinAddress
#     to set the Java Heap base and to place the Java Heap above 4GB virtual address.
# This output file may be truncated or incomplete.
#
#  Out of Memory Error (virtualSpaceNode.cpp:113), pid=13348, tid=24476
#
# JRE version: OpenJDK Runtime Environment Temurin-21.0.8+9 (21.0.8+9) (build 21.0.8+9-LTS)
# Java VM: OpenJDK 64-Bit Server VM Temurin-21.0.8+9 (21.0.8+9-LTS, mixed mode, sharing, tiered, compressed oops, compressed class ptrs, parallel gc, windows-amd64)
# No core dump will be written. Minidumps are not enabled by default on client versions of Windows
#

---------------  S U M M A R Y ------------

Command Line: --add-modules=ALL-SYSTEM --add-opens=java.base/java.util=ALL-UNNAMED --add-opens=java.base/java.lang=ALL-UNNAMED --add-opens=java.base/sun.nio.fs=ALL-UNNAMED -Declipse.application=org.eclipse.jdt.ls.core.id1 -Dosgi.bundles.defaultStartLevel=4 -Declipse.product=org.eclipse.jdt.ls.core.product -Djava.import.generatesMetadataFilesAtProjectRoot=false -DDetectVMInstallationsJob.disabled=true -Dfile.encoding=utf8 -XX:+UseParallelGC -XX:GCTimeRatio=4 -XX:AdaptiveSizePolicyWeight=90 -Dsun.zip.disableMemoryMapping=true -Xmx2G -Xms100m -Xlog:disable -javaagent:c:\Users\MAHESH KAKAD\.vscode\extensions\redhat.java-1.45.0-win32-x64\lombok\lombok-1.18.39-4050.jar c:\Users\MAHESH KAKAD\.vscode\extensions\redhat.java-1.45.0-win32-x64\server\plugins\org.eclipse.equinox.launcher_1.7.0.v20250519-0528.jar -configuration c:\Users\MAHESH KAKAD\AppData\Roaming\Code\User\globalStorage\redhat.java\1.45.0\config_ss_win -data c:\Users\MAHESH KAKAD\AppData\Roaming\Code\User\workspaceStorage\83e56ced578811cd3a753f34d15c6b3a\redhat.java\ss_ws --pipe=\\.\pipe\lsp-39fb8a8294f5c59e1d39f648c8eb3ed7-sock

Host: AMD Ryzen 7 5800HS with Radeon Graphics        , 16 cores, 15G,  Windows 11 , 64 bit Build 26100 (10.0.26100.5074)
Time: Sun Sep 14 14:36:54 2025 India Standard Time elapsed time: 1.836340 seconds (0d 0h 0m 1s)

---------------  T H R E A D  ---------------

Current thread (0x000002736e6594b0):  JavaThread "Start Level: Equinox Container: 38435637-8a53-4ffd-b2ba-e52a3e680e8d" daemon [_thread_in_vm, id=24476, stack(0x000000efee900000,0x000000efeea00000) (1024K)]

Stack: [0x000000efee900000,0x000000efeea00000]
Native frames: (J=compiled Java code, j=interpreted, Vv=VM code, C=native code)
V  [jvm.dll+0x6d2449]
V  [jvm.dll+0x8ae341]
V  [jvm.dll+0x8b08be]
V  [jvm.dll+0x8b0fa3]
V  [jvm.dll+0x280c96]
V  [jvm.dll+0x8aa07e]
V  [jvm.dll+0x6745b5]
V  [jvm.dll+0x1e5b2c]
V  [jvm.dll+0x1e58fe]
V  [jvm.dll+0x676eb2]
V  [jvm.dll+0x676cd2]
V  [jvm.dll+0x674f8e]
V  [jvm.dll+0x67f237]
V  [jvm.dll+0x21695d]
V  [jvm.dll+0x216eda]
V  [jvm.dll+0x217905]
V  [jvm.dll+0x20cece]
V  [jvm.dll+0x5b19dc]
V  [jvm.dll+0x827606]
V  [jvm.dll+0x4741b6]
V  [jvm.dll+0x47a088]
C  [java.dll+0x17ec]

Java frames: (J=compiled Java code, j=interpreted, Vv=VM code)
J 1215  java.lang.ClassLoader.defineClass1(Ljava/lang/ClassLoader;Ljava/lang/String;[BIILjava/security/ProtectionDomain;Ljava/lang/String;)Ljava/lang/Class; java.base@21.0.8 (0 bytes) @ 0x000002736238e891 [0x000002736238e7c0+0x00000000000000d1]
J 1920 c1 java.lang.ClassLoader.defineClass(Ljava/lang/String;[BIILjava/security/ProtectionDomain;)Ljava/lang/Class; java.base@21.0.8 (43 bytes) @ 0x000002735aadf87c [0x000002735aadf520+0x000000000000035c]
J 2147 c1 org.eclipse.osgi.internal.loader.ModuleClassLoader.defineClass(Ljava/lang/String;[BLorg/eclipse/osgi/internal/loader/classpath/ClasspathEntry;)Lorg/eclipse/osgi/internal/loader/ModuleClassLoader$DefineClassResult; (67 bytes) @ 0x000002735ab6b74c [0x000002735ab6b420+0x000000000000032c]
j  org.eclipse.osgi.internal.loader.classpath.ClasspathManager.defineClass(Ljava/lang/String;[BLorg/eclipse/osgi/internal/loader/classpath/ClasspathEntry;Lorg/eclipse/osgi/storage/bundlefile/BundleEntry;Ljava/util/List;)Ljava/lang/Class;+424
J 2092 c1 org.eclipse.osgi.internal.loader.classpath.ClasspathManager.findClassImpl(Ljava/lang/String;Lorg/eclipse/osgi/internal/loader/classpath/ClasspathEntry;Ljava/util/List;)Ljava/lang/Class; (343 bytes) @ 0x000002735ab500f4 [0x000002735ab4cac0+0x0000000000003634]
J 2091 c1 org.eclipse.osgi.internal.loader.classpath.ClasspathManager.findLocalClassImpl(Ljava/lang/String;[Lorg/eclipse/osgi/internal/loader/classpath/ClasspathEntry;Ljava/util/List;)Ljava/lang/Class; (55 bytes) @ 0x000002735ab48b64 [0x000002735ab489e0+0x0000000000000184]
J 2300 c1 org.eclipse.osgi.internal.loader.classpath.ClasspathManager.findLocalClassImpl(Ljava/lang/String;Ljava/util/List;)Ljava/lang/Class; (132 bytes) @ 0x000002735abb4514 [0x000002735abb3fe0+0x0000000000000534]
J 2082 c1 org.eclipse.osgi.internal.loader.classpath.ClasspathManager.findLocalClass(Ljava/lang/String;)Ljava/lang/Class; (210 bytes) @ 0x000002735ab3a6a4 [0x000002735ab399e0+0x0000000000000cc4]
J 2080 c1 org.eclipse.osgi.internal.loader.BundleLoader.findLocalClass(Ljava/lang/String;)Ljava/lang/Class; (166 bytes) @ 0x000002735ab3ceec [0x000002735ab3c340+0x0000000000000bac]
J 1988 c1 org.eclipse.osgi.internal.loader.BundleLoader.findClass0(Ljava/lang/String;ZZ)Ljava/lang/Class; (491 bytes) @ 0x000002735ab0ec54 [0x000002735ab0bca0+0x0000000000002fb4]
J 1987 c1 org.eclipse.osgi.internal.loader.BundleLoader.findClass(Ljava/lang/String;)Ljava/lang/Class; (8 bytes) @ 0x000002735ab06c4c [0x000002735ab06bc0+0x000000000000008c]
J 1991 c1 org.eclipse.osgi.internal.loader.ModuleClassLoader.loadClass(Ljava/lang/String;Z)Ljava/lang/Class; (36 bytes) @ 0x000002735ab0804c [0x000002735ab07e20+0x000000000000022c]
J 1078 c1 java.lang.ClassLoader.loadClass(Ljava/lang/String;)Ljava/lang/Class; java.base@21.0.8 (7 bytes) @ 0x000002735a937ad4 [0x000002735a9379c0+0x0000000000000114]
v  ~StubRoutines::call_stub 0x0000027361bd100d
j  org.eclipse.core.internal.jobs.JobOSGiUtils.openServices()V+42
j  org.eclipse.core.internal.jobs.JobActivator.start(Lorg/osgi/framework/BundleContext;)V+7
j  org.eclipse.osgi.internal.framework.BundleContextImpl$2.run()Ljava/lang/Void;+23
j  org.eclipse.osgi.internal.framework.BundleContextImpl$2.run()Ljava/lang/Object;+1
J 1248 c1 java.security.AccessController.executePrivileged(Ljava/security/PrivilegedExceptionAction;Ljava/security/AccessControlContext;Ljava/lang/Class;)Ljava/lang/Object; java.base@21.0.8 (65 bytes) @ 0x000002735a987444 [0x000002735a9872e0+0x0000000000000164]
j  java.security.AccessController.doPrivileged(Ljava/security/PrivilegedExceptionAction;)Ljava/lang/Object;+9 java.base@21.0.8
j  org.eclipse.osgi.internal.framework.BundleContextImpl.startActivator(Lorg/osgi/framework/BundleActivator;)V+9
j  org.eclipse.osgi.internal.framework.BundleContextImpl.start()V+141
j  org.eclipse.osgi.internal.framework.EquinoxBundle.startWorker0()V+35
j  org.eclipse.osgi.internal.framework.EquinoxBundle$EquinoxModule.startWorker()V+4
j  org.eclipse.osgi.container.Module.doStart([Lorg/eclipse/osgi/container/Module$StartOptions;)Lorg/eclipse/osgi/container/ModuleContainerAdaptor$ModuleEvent;+200
j  org.eclipse.osgi.container.Module.start([Lorg/eclipse/osgi/container/Module$StartOptions;)V+460
j  org.eclipse.osgi.framework.util.SecureAction.start(Lorg/eclipse/osgi/container/Module;[Lorg/eclipse/osgi/container/Module$StartOptions;)V+8
J 2084 c1 org.eclipse.osgi.internal.hooks.EclipseLazyStarter.postFindLocalClass(Ljava/lang/String;Ljava/lang/Class;Lorg/eclipse/osgi/internal/loader/classpath/ClasspathManager;)V (394 bytes) @ 0x000002735ab41114 [0x000002735ab40140+0x0000000000000fd4]
J 2082 c1 org.eclipse.osgi.internal.loader.classpath.ClasspathManager.findLocalClass(Ljava/lang/String;)Ljava/lang/Class; (210 bytes) @ 0x000002735ab3a9f4 [0x000002735ab399e0+0x0000000000001014]
J 2080 c1 org.eclipse.osgi.internal.loader.BundleLoader.findLocalClass(Ljava/lang/String;)Ljava/lang/Class; (166 bytes) @ 0x000002735ab3ceec [0x000002735ab3c340+0x0000000000000bac]
J 1988 c1 org.eclipse.osgi.internal.loader.BundleLoader.findClass0(Ljava/lang/String;ZZ)Ljava/lang/Class; (491 bytes) @ 0x000002735ab0ec54 [0x000002735ab0bca0+0x0000000000002fb4]
J 1987 c1 org.eclipse.osgi.internal.loader.BundleLoader.findClass(Ljava/lang/String;)Ljava/lang/Class; (8 bytes) @ 0x000002735ab06c4c [0x000002735ab06bc0+0x000000000000008c]
J 1991 c1 org.eclipse.osgi.internal.loader.ModuleClassLoader.loadClass(Ljava/lang/String;Z)Ljava/lang/Class; (36 bytes) @ 0x000002735ab0804c [0x000002735ab07e20+0x000000000000022c]
J 1078 c1 java.lang.ClassLoader.loadClass(Ljava/lang/String;)Ljava/lang/Class; java.base@21.0.8 (7 bytes) @ 0x000002735a937ad4 [0x000002735a9379c0+0x0000000000000114]
v  ~StubRoutines::call_stub 0x0000027361bd100d
j  org.eclipse.core.resources.ResourcesPlugin$WorkspaceInitCustomizer.addingService(Lorg/osgi/framework/ServiceReference;)Lorg/eclipse/core/internal/resources/Workspace;+30
j  org.eclipse.core.resources.ResourcesPlugin$WorkspaceInitCustomizer.addingService(Lorg/osgi/framework/ServiceReference;)Ljava/lang/Object;+5
j  org.osgi.util.tracker.ServiceTracker$Tracked.customizerAdding(Lorg/osgi/framework/ServiceReference;Lorg/osgi/framework/ServiceEvent;)Ljava/lang/Object;+8
j  org.osgi.util.tracker.ServiceTracker$Tracked.customizerAdding(Ljava/lang/Object;Ljava/lang/Object;)Ljava/lang/Object;+9
j  org.osgi.util.tracker.AbstractTracked.trackAdding(Ljava/lang/Object;Ljava/lang/Object;)V+8
j  org.osgi.util.tracker.AbstractTracked.trackInitial()V+90
j  org.osgi.util.tracker.ServiceTracker.open(Z)V+198
j  org.osgi.util.tracker.ServiceTracker.open()V+2
j  org.eclipse.core.resources.ResourcesPlugin.start(Lorg/osgi/framework/BundleContext;)V+106
j  org.eclipse.osgi.internal.framework.BundleContextImpl$2.run()Ljava/lang/Void;+23
j  org.eclipse.osgi.internal.framework.BundleContextImpl$2.run()Ljava/lang/Object;+1
J 1248 c1 java.security.AccessController.executePrivileged(Ljava/security/PrivilegedExceptionAction;Ljava/security/AccessControlContext;Ljava/lang/Class;)Ljava/lang/Object; java.base@21.0.8 (65 bytes) @ 0x000002735a987444 [0x000002735a9872e0+0x0000000000000164]
j  java.security.AccessController.doPrivileged(Ljava/security/PrivilegedExceptionAction;)Ljava/lang/Object;+9 java.base@21.0.8
j  org.eclipse.osgi.internal.framework.BundleContextImpl.startActivator(Lorg/osgi/framework/BundleActivator;)V+9
j  org.eclipse.osgi.internal.framework.BundleContextImpl.start()V+141
j  org.eclipse.osgi.internal.framework.EquinoxBundle.startWorker0()V+35
j  org.eclipse.osgi.internal.framework.EquinoxBundle$EquinoxModule.startWorker()V+4
j  org.eclipse.osgi.container.Module.doStart([Lorg/eclipse/osgi/container/Module$StartOptions;)Lorg/eclipse/osgi/container/ModuleContainerAdaptor$ModuleEvent;+200
j  org.eclipse.osgi.container.Module.start([Lorg/eclipse/osgi/container/Module$StartOptions;)V+460
j  org.eclipse.osgi.framework.util.SecureAction.start(Lorg/eclipse/osgi/container/Module;[Lorg/eclipse/osgi/container/Module$StartOptions;)V+8
J 2084 c1 org.eclipse.osgi.internal.hooks.EclipseLazyStarter.postFindLocalClass(Ljava/lang/String;Ljava/lang/Class;Lorg/eclipse/osgi/internal/loader/classpath/ClasspathManager;)V (394 bytes) @ 0x000002735ab41114 [0x000002735ab40140+0x0000000000000fd4]
J 2082 c1 org.eclipse.osgi.internal.loader.classpath.ClasspathManager.findLocalClass(Ljava/lang/String;)Ljava/lang/Class; (210 bytes) @ 0x000002735ab3a9f4 [0x000002735ab399e0+0x0000000000001014]
J 2080 c1 org.eclipse.osgi.internal.loader.BundleLoader.findLocalClass(Ljava/lang/String;)Ljava/lang/Class; (166 bytes) @ 0x000002735ab3ceec [0x000002735ab3c340+0x0000000000000bac]
J 1988 c1 org.eclipse.osgi.internal.loader.BundleLoader.findClass0(Ljava/lang/String;ZZ)Ljava/lang/Class; (491 bytes) @ 0x000002735ab0ec54 [0x000002735ab0bca0+0x0000000000002fb4]
J 1987 c1 org.eclipse.osgi.internal.loader.BundleLoader.findClass(Ljava/lang/String;)Ljava/lang/Class; (8 bytes) @ 0x000002735ab06c4c [0x000002735ab06bc0+0x000000000000008c]
J 1991 c1 org.eclipse.osgi.internal.loader.ModuleClassLoader.loadClass(Ljava/lang/String;Z)Ljava/lang/Class; (36 bytes) @ 0x000002735ab0804c [0x000002735ab07e20+0x000000000000022c]
J 1078 c1 java.lang.ClassLoader.loadClass(Ljava/lang/String;)Ljava/lang/Class; java.base@21.0.8 (7 bytes) @ 0x000002735a937ad4 [0x000002735a9379c0+0x0000000000000114]
v  ~StubRoutines::call_stub 0x0000027361bd100d
j  java.lang.Class.getDeclaredConstructors0(Z)[Ljava/lang/reflect/Constructor;+0 java.base@21.0.8
j  java.lang.Class.privateGetDeclaredConstructors(Z)[Ljava/lang/reflect/Constructor;+52 java.base@21.0.8
j  java.lang.Class.getConstructor0([Ljava/lang/Class;I)Ljava/lang/reflect/Constructor;+14 java.base@21.0.8
j  java.lang.Class.getConstructor([Ljava/lang/Class;)Ljava/lang/reflect/Constructor;+24 java.base@21.0.8
j  org.eclipse.osgi.internal.framework.BundleContextImpl.loadBundleActivator()Lorg/osgi/framework/BundleActivator;+105
j  org.eclipse.osgi.internal.framework.BundleContextImpl.start()V+18
j  org.eclipse.osgi.internal.framework.EquinoxBundle.startWorker0()V+35
j  org.eclipse.osgi.internal.framework.EquinoxBundle$EquinoxModule.startWorker()V+4
j  org.eclipse.osgi.container.Module.doStart([Lorg/eclipse/osgi/container/Module$StartOptions;)Lorg/eclipse/osgi/container/ModuleContainerAdaptor$ModuleEvent;+200
j  org.eclipse.osgi.container.Module.start([Lorg/eclipse/osgi/container/Module$StartOptions;)V+460
j  org.eclipse.osgi.container.ModuleContainer$ContainerStartLevel$2.run()V+83
j  org.eclipse.osgi.internal.framework.EquinoxContainerAdaptor$1$1.execute(Ljava/lang/Runnable;)V+1
j  org.eclipse.osgi.container.ModuleContainer$ContainerStartLevel.incStartLevel(ILjava/util/List;Z)V+193
j  org.eclipse.osgi.container.ModuleContainer$ContainerStartLevel.incStartLevel(ILjava/util/List;Ljava/util/List;Ljava/util/List;Ljava/util/List;)V+19
j  org.eclipse.osgi.container.ModuleContainer$ContainerStartLevel.doContainerStartLevel(Lorg/eclipse/osgi/container/Module;I[Lorg/osgi/framework/FrameworkListener;)V+358
j  org.eclipse.osgi.container.ModuleContainer$ContainerStartLevel.dispatchEvent(Lorg/eclipse/osgi/container/Module;[Lorg/osgi/framework/FrameworkListener;ILjava/lang/Integer;)V+32
j  org.eclipse.osgi.container.ModuleContainer$ContainerStartLevel.dispatchEvent(Ljava/lang/Object;Ljava/lang/Object;ILjava/lang/Object;)V+15
j  org.eclipse.osgi.framework.eventmgr.EventManager.dispatchEvent(Ljava/util/Set;Lorg/eclipse/osgi/framework/eventmgr/EventDispatcher;ILjava/lang/Object;)V+48
j  org.eclipse.osgi.framework.eventmgr.EventManager$EventThread.run()V+26
v  ~StubRoutines::call_stub 0x0000027361bd100d

Compiled method (n/a) 1857 1215     n 0       java.lang.ClassLoader::defineClass1 (native)
 total in heap  [0x000002736238e610,0x000002736238ea98] = 1160
 relocation     [0x000002736238e770,0x000002736238e7a8] = 56
 main code      [0x000002736238e7c0,0x000002736238ea96] = 726
 stub code      [0x000002736238ea96,0x000002736238ea98] = 2

[Constant Pool (empty)]

[MachCode]
[Entry Point]
  # {method} {0x0000027300436e28} 'defineClass1' '(Ljava/lang/ClassLoader;Ljava/lang/String;[BIILjava/security/ProtectionDomain;Ljava/lang/String;)Ljava/lang/Class;' in 'java/lang/ClassLoader'
  # parm0:    rdx:rdx   = 'java/lang/ClassLoader'
  # parm1:    r8:r8     = 'java/lang/String'
  # parm2:    r9:r9     = '[B'
  # parm3:    rdi       = int
  # parm4:    rsi       = int
  # parm5:    rcx:rcx   = 'java/security/ProtectionDomain'
  # parm6:    [sp+0xa0]   = 'java/lang/String'  (sp of caller)
  0x000002736238e7c0: 448b 5208 | 49bb 0000 | 0000 7302 | 0000 4d03 | d349 3bc2 | 0f84 0600 

  0x000002736238e7d8: ;   {runtime_call ic_miss_stub}
  0x000002736238e7d8: 0000 e9a1 | fc88 ff90 
[Verified Entry Point]
  0x000002736238e7e0: 8984 2400 | 80ff ff55 | 488b ec48 | 81ec 9000 | 0000 6690 | 4181 7f20 | 0100 0000 

  0x000002736238e7fc: ;   {runtime_call StubRoutines (final stubs)}
  0x000002736238e7fc: 7405 e8dd | a187 ff48 | 837d 1000 | 488d 4510 | 480f 4445 | 1048 8944 | 2440 4889 | 4c24 7048 
  0x000002736238e81c: 83f9 0048 | 8d44 2470 | 480f 4444 | 2470 4889 | 4424 3848 | 8974 2430 | 4889 7c24 | 284c 894c 
  0x000002736238e83c: 2458 4983 | f900 488d | 4424 5848 | 0f44 4424 | 5848 8944 | 2420 4c89 | 4424 5049 | 83f8 004c 
  0x000002736238e85c: 8d4c 2450 | 4c0f 444c | 2450 4889 | 5424 4848 | 83fa 004c | 8d44 2448 | 4c0f 4444 

  0x000002736238e878: ;   {oop(a 'java/lang/Class'{0x0000000080000ab0} = 'java/lang/ClassLoader')}
  0x000002736238e878: 2448 49be | b00a 0080 | 0000 0000 | 4c89 7424 | 784c 8d74 | 2478 498b | d6c5 f877 

  0x000002736238e894: ;   {internal_word}
  0x000002736238e894: 49ba 91e8 | 3862 7302 | 0000 4d89 | 97a0 0300 | 0049 89a7 | 9803 0000 

  0x000002736238e8ac: ;   {external_word}
  0x000002736238e8ac: 49ba 56cc | f7c9 fa7f | 0000 4180 | 3a00 0f84 | 4e00 0000 | 5241 5041 

  0x000002736238e8c4: ;   {metadata({method} {0x0000027300436e28} 'defineClass1' '(Ljava/lang/ClassLoader;Ljava/lang/String;[BIILjava/security/ProtectionDomain;Ljava/lang/String;)Ljava/lang/Class;' in 'java/lang/ClassLoader')}
  0x000002736238e8c4: 5148 ba20 | 6e43 0073 | 0200 0049 | 8bcf 4883 | ec20 40f6 | c40f 0f84 | 1900 0000 | 4883 ec08 
  0x000002736238e8e4: ;   {runtime_call}
  0x000002736238e8e4: 48b8 908d | a1c9 fa7f | 0000 ffd0 | 4883 c408 | e90c 0000 

  0x000002736238e8f8: ;   {runtime_call}
  0x000002736238e8f8: 0048 b890 | 8da1 c9fa | 7f00 00ff | d048 83c4 | 2041 5941 | 585a 498d | 8fb8 0300 | 0041 c787 
  0x000002736238e918: 4404 0000 | 0400 0000 

  0x000002736238e920: ;   {runtime_call}
  0x000002736238e920: 48b8 ac16 | 386d fb7f | 0000 ffd0 | c5f8 7741 | c787 4404 | 0000 0500 | 0000 f083 | 4424 c000 
  0x000002736238e940: 493b af48 | 0400 000f | 870e 0000 | 0041 83bf | 4004 0000 | 000f 842b | 0000 00c5 | f877 4889 
  0x000002736238e960: 45f8 498b | cf4c 8be4 | 4883 ec20 | 4883 e4f0 

  0x000002736238e970: ;   {runtime_call}
  0x000002736238e970: 48b8 20fa | 6cc9 fa7f | 0000 ffd0 | 498b e44d | 33e4 488b | 45f8 41c7 | 8744 0400 | 0008 0000 
  0x000002736238e990: 0041 83bf | c004 0000 | 020f 84ca 

  0x000002736238e99c: ;   {external_word}
  0x000002736238e99c: 0000 0049 | ba56 ccf7 | c9fa 7f00 | 0041 803a | 000f 844c | 0000 0048 

  0x000002736238e9b4: ;   {metadata({method} {0x0000027300436e28} 'defineClass1' '(Ljava/lang/ClassLoader;Ljava/lang/String;[BIILjava/security/ProtectionDomain;Ljava/lang/String;)Ljava/lang/Class;' in 'java/lang/ClassLoader')}
  0x000002736238e9b4: 8945 f848 | ba20 6e43 | 0073 0200 | 0049 8bcf | 4883 ec20 | 40f6 c40f | 0f84 1900 | 0000 4883 
  0x000002736238e9d4: ;   {runtime_call}
  0x000002736238e9d4: ec08 48b8 | 908d a1c9 | fa7f 0000 | ffd0 4883 | c408 e90c 

  0x000002736238e9e8: ;   {runtime_call}
  0x000002736238e9e8: 0000 0048 | b890 8da1 | c9fa 7f00 | 00ff d048 | 83c4 2048 | 8b45 f849 | c787 9803 | 0000 0000 
  0x000002736238ea08: 0000 49c7 | 87a0 0300 | 0000 0000 | 00c5 f877 | 4885 c00f | 8425 0000 | 00a8 030f | 8508 0000 
  0x000002736238ea28: 0048 8b00 | e915 0000 | 00a8 010f | 8509 0000 | 0048 8b40 | fee9 0400 | 0000 488b | 40ff 498b 
  0x000002736238ea48: 8f28 0400 | 00c7 8100 | 0100 0000 | 0000 00c9 | 4983 7f08 | 000f 8501 | 0000 00c3 

  0x000002736238ea64: ;   {runtime_call StubRoutines (initial stubs)}
  0x000002736238ea64: e997 2484 | ffc5 f877 | 4889 45f8 | 4c8b e448 | 83ec 2048 

  0x000002736238ea78: ;   {runtime_call}
  0x000002736238ea78: 83e4 f048 | b830 c5a1 | c9fa 7f00 | 00ff d049 | 8be4 4d33 | e448 8b45 | f8e9 09ff | ffff f4f4 
[/MachCode]


Compiled method (c1) 1865 1920       3       java.lang.ClassLoader::defineClass (43 bytes)
 total in heap  [0x000002735aadf310,0x000002735aadfc70] = 2400
 relocation     [0x000002735aadf470,0x000002735aadf510] = 160
 main code      [0x000002735aadf520,0x000002735aadf9c0] = 1184
 stub code      [0x000002735aadf9c0,0x000002735aadfa38] = 120
 metadata       [0x000002735aadfa38,0x000002735aadfa68] = 48
 scopes data    [0x000002735aadfa68,0x000002735aadfb58] = 240
 scopes pcs     [0x000002735aadfb58,0x000002735aadfc38] = 224
 dependencies   [0x000002735aadfc38,0x000002735aadfc48] = 16
 nul chk table  [0x000002735aadfc48,0x000002735aadfc70] = 40

[Constant Pool (empty)]

[MachCode]
[Entry Point]
  # {method} {0x00000273004371a8} 'defineClass' '(Ljava/lang/String;[BIILjava/security/ProtectionDomain;)Ljava/lang/Class;' in 'java/lang/ClassLoader'
  # this:     rdx:rdx   = 'java/lang/ClassLoader'
  # parm0:    r8:r8     = 'java/lang/String'
  # parm1:    r9:r9     = '[B'
  # parm2:    rdi       = int
  # parm3:    rsi       = int
  # parm4:    rcx:rcx   = 'java/security/ProtectionDomain'
  #           [sp+0xc0]  (sp of caller)
  0x000002735aadf520: 448b 5208 | 49bb 0000 | 0000 7302 | 0000 4d03 | d34c 3bd0 

  0x000002735aadf534: ;   {runtime_call ic_miss_stub}
  0x000002735aadf534: 0f85 46ef | 1307 660f | 1f44 0000 
[Verified Entry Point]
  0x000002735aadf540: 8984 2400 | 80ff ff55 | 4881 ecb0 | 0000 0090 | 4181 7f20 | 0100 0000 

  0x000002735aadf558: ;   {runtime_call StubRoutines (final stubs)}
  0x000002735aadf558: 7405 e881 | 9412 0748 | 8954 2478 

  0x000002735aadf564: ;   {metadata(method data for {method} {0x00000273004371a8} 'defineClass' '(Ljava/lang/String;[BIILjava/security/ProtectionDomain;)Ljava/lang/Class;' in 'java/lang/ClassLoader')}
  0x000002735aadf564: 48bb 40ae | 3772 7302 | 0000 8b83 | cc00 0000 | 83c0 0289 | 83cc 0000 | 0025 fe07 | 0000 85c0 
  0x000002735aadf584: 0f84 5803 | 0000 89b4 | 2494 0000 | 0089 bc24 | 9000 0000 | 4c89 8c24 | 8800 0000 

  0x000002735aadf5a0: ;   {metadata(method data for {method} {0x00000273004371a8} 'defineClass' '(Ljava/lang/String;[BIILjava/security/ProtectionDomain;)Ljava/lang/Class;' in 'java/lang/ClassLoader')}
  0x000002735aadf5a0: 488b da48 | b840 ae37 | 7273 0200 | 0048 8380 | 1001 0000 | 0149 8bd8 | 4c8b c34c | 8bc9 488b 
  0x000002735aadf5c0: ca48 8bd1 | 4889 9c24 | 8000 0000 

  0x000002735aadf5cc: ;   {optimized virtual_call}
  0x000002735aadf5cc: 6666 90e8 

  0x000002735aadf5d0: ; ImmutableOopMap {[120]=Oop [128]=Oop [136]=Oop }
                      ;*invokevirtual preDefineClass {reexecute=0 rethrow=0 return_oop=0}
                      ; - java.lang.ClassLoader::defineClass@4
  0x000002735aadf5d0: cc17 f1ff 

  0x000002735aadf5d4: ;   {other}
  0x000002735aadf5d4: 0f1f 8400 | c402 0000 | 4889 8424 | 9800 0000 | 488b 5424 

  0x000002735aadf5e8: ;   {metadata(method data for {method} {0x00000273004371a8} 'defineClass' '(Ljava/lang/String;[BIILjava/security/ProtectionDomain;)Ljava/lang/Class;' in 'java/lang/ClassLoader')}
  0x000002735aadf5e8: 7849 b840 | ae37 7273 | 0200 0049 | 8380 4801 

  0x000002735aadf5f8: ;   {metadata(method data for {method} {0x0000027300436e90} 'defineClassSourceLocation' '(Ljava/security/ProtectionDomain;)Ljava/lang/String;' in 'java/lang/ClassLoader')}
  0x000002735aadf5f8: 0000 0149 | b8d8 b937 | 7273 0200 | 0041 8b90 | cc00 0000 | 83c2 0241 | 8990 cc00 | 0000 81e2 
  0x000002735aadf618: feff 1f00 | 85d2 0f84 | df02 0000 

  0x000002735aadf624: ; implicit exception: dispatches to 0x000002735aadf924
  0x000002735aadf624: 483b 004c 

  0x000002735aadf628: ;   {metadata(method data for {method} {0x0000027300436e90} 'defineClassSourceLocation' '(Ljava/security/ProtectionDomain;)Ljava/lang/String;' in 'java/lang/ClassLoader')}
  0x000002735aadf628: 8bc0 48ba | d8b9 3772 | 7302 0000 | 4883 8210 | 0100 0001 | 448b 4010 

  0x000002735aadf640: ;   {metadata(method data for {method} {0x0000027300436e90} 'defineClassSourceLocation' '(Ljava/security/ProtectionDomain;)Ljava/lang/String;' in 'java/lang/ClassLoader')}
  0x000002735aadf640: 4d85 c048 | bad8 b937 | 7273 0200 | 0048 c7c6 | 5801 0000 | 7507 48c7 | c648 0100 | 0048 8b3c 
  0x000002735aadf660: 3248 8d7f | 0148 893c | 320f 850f 

  0x000002735aadf66c: ;   {oop(nullptr)}
  0x000002735aadf66c: 0000 0048 | bb00 0000 | 0000 0000 | 00e9 a901 | 0000 493b | 0049 8bd0 

  0x000002735aadf684: ;   {metadata(method data for {method} {0x0000027300436e90} 'defineClassSourceLocation' '(Ljava/security/ProtectionDomain;)Ljava/lang/String;' in 'java/lang/ClassLoader')}
  0x000002735aadf684: 48be d8b9 | 3772 7302 | 0000 4883 | 8668 0100 | 0001 418b | 500c 4885 

  0x000002735aadf69c: ;   {metadata(method data for {method} {0x0000027300436e90} 'defineClassSourceLocation' '(Ljava/security/ProtectionDomain;)Ljava/lang/String;' in 'java/lang/ClassLoader')}
  0x000002735aadf69c: d248 bed8 | b937 7273 | 0200 0048 | c7c7 b001 | 0000 7507 | 48c7 c7a0 | 0100 0048 | 8b1c 3e48 
  0x000002735aadf6bc: 8d5b 0148 | 891c 3e0f | 850f 0000 

  0x000002735aadf6c8: ;   {oop(nullptr)}
  0x000002735aadf6c8: 0048 bb00 | 0000 0000 | 0000 00e9 | 4f01 0000 

  0x000002735aadf6d8: ;   {metadata(method data for {method} {0x0000027300436e90} 'defineClassSourceLocation' '(Ljava/security/ProtectionDomain;)Ljava/lang/String;' in 'java/lang/ClassLoader')}
  0x000002735aadf6d8: 48be d8b9 | 3772 7302 | 0000 4883 | 86c0 0100 | 0001 483b | 024c 8bc2 

  0x000002735aadf6f0: ;   {metadata(method data for {method} {0x0000027300436e90} 'defineClassSourceLocation' '(Ljava/security/ProtectionDomain;)Ljava/lang/String;' in 'java/lang/ClassLoader')}
  0x000002735aadf6f0: 48be d8b9 | 3772 7302 | 0000 4883 | 86f8 0100 

  0x000002735aadf700: ;   {metadata(method data for {method} {0x000002730001ade8} 'toString' '()Ljava/lang/String;' in 'java/net/URL')}
  0x000002735aadf700: 0001 49b8 | 50a0 3772 | 7302 0000 | 418b b0cc | 0000 0083 | c602 4189 | b0cc 0000 | 0081 e6fe 
  0x000002735aadf720: ff1f 0085 | f60f 8408 | 0200 004c 

  0x000002735aadf72c: ;   {metadata(method data for {method} {0x000002730001ade8} 'toString' '()Ljava/lang/String;' in 'java/net/URL')}
  0x000002735aadf72c: 8bc2 48be | 50a0 3772 | 7302 0000 | 4883 8610 | 0100 0001 

  0x000002735aadf740: ;   {metadata(method data for {method} {0x000002730042aa30} 'toExternalForm' '()Ljava/lang/String;' in 'java/net/URL')}
  0x000002735aadf740: 49b8 9827 | 3772 7302 | 0000 418b | b0cc 0000 | 0083 c602 | 4189 b0cc | 0000 0081 | e6fe ff1f 
  0x000002735aadf760: 0085 f60f | 84eb 0100 | 008b 7238 

  0x000002735aadf76c: ; implicit exception: dispatches to 0x000002735aadf975
  0x000002735aadf76c: 483b 064c 

  0x000002735aadf770: ;   {metadata(method data for {method} {0x000002730042aa30} 'toExternalForm' '()Ljava/lang/String;' in 'java/net/URL')}
  0x000002735aadf770: 8bc6 48bf | 9827 3772 | 7302 0000 | 458b 4008 | 49ba 0000 | 0000 7302 | 0000 4d03 | c24c 3b87 
  0x000002735aadf790: 2001 0000 | 750d 4883 | 8728 0100 | 0001 e960 | 0000 004c | 3b87 3001 | 0000 750d | 4883 8738 
  0x000002735aadf7b0: 0100 0001 | e94a 0000 | 0048 83bf | 2001 0000 | 0075 174c | 8987 2001 | 0000 48c7 | 8728 0100 
  0x000002735aadf7d0: 0001 0000 | 00e9 2900 | 0000 4883 | bf30 0100 | 0000 7517 | 4c89 8730 | 0100 0048 | c787 3801 
  0x000002735aadf7f0: 0000 0100 | 0000 e908 | 0000 0048 | 8387 1001 | 0000 014c | 8bc2 488b | d60f 1f40 | 0048 b8c0 
  0x000002735aadf810: 5a21 0073 

  0x000002735aadf814: ;   {virtual_call}
  0x000002735aadf814: 0200 00e8 

  0x000002735aadf818: ; ImmutableOopMap {[120]=Oop [128]=Oop [136]=Oop [152]=Oop }
                      ;*invokevirtual toExternalForm {reexecute=0 rethrow=0 return_oop=0}
                      ; - java.net.URL::toExternalForm@5
                      ; - java.net.URL::toString@1
                      ; - java.lang.ClassLoader::defineClassSourceLocation@22
                      ; - java.lang.ClassLoader::defineClass@12
  0x000002735aadf818: 6461 eeff 

  0x000002735aadf81c: ;   {other}
  0x000002735aadf81c: 0f1f 8400 | 0c05 0001 | 488b d848 | 8b84 2498 | 0000 008b | b424 9400 | 0000 8bbc | 2490 0000 
  0x000002735aadf83c: 004c 8b8c | 2488 0000 | 004c 8b84 | 2480 0000 | 0048 8b54 

  0x000002735aadf850: ;   {metadata(method data for {method} {0x00000273004371a8} 'defineClass' '(Ljava/lang/String;[BIILjava/security/ProtectionDomain;)Ljava/lang/Class;' in 'java/lang/ClassLoader')}
  0x000002735aadf850: 2478 48b9 | 40ae 3772 | 7302 0000 | 4883 8180 | 0100 0001 | 4c8b da49 | 8bd3 488b | c848 891c 
  0x000002735aadf870: 2466 0f1f 

  0x000002735aadf874: ;   {static_call}
  0x000002735aadf874: 4400 00e8 

  0x000002735aadf878: ; ImmutableOopMap {[120]=Oop [152]=Oop }
                      ;*invokestatic defineClass1 {reexecute=0 rethrow=0 return_oop=0}
                      ; - java.lang.ClassLoader::defineClass@27
  0x000002735aadf878: 64ef 8a07 

  0x000002735aadf87c: ;   {other}
  0x000002735aadf87c: 0f1f 8400 | 6c05 0002 | 488b 5424 

  0x000002735aadf888: ;   {metadata(method data for {method} {0x00000273004371a8} 'defineClass' '(Ljava/lang/String;[BIILjava/security/ProtectionDomain;)Ljava/lang/Class;' in 'java/lang/ClassLoader')}
  0x000002735aadf888: 7849 b840 | ae37 7273 | 0200 0049 | 8380 9001 | 0000 014c | 8bc0 4c8b | 8c24 9800 | 0000 488b 
  0x000002735aadf8a8: 5424 7848 | 8984 24a0 | 0000 000f 

  0x000002735aadf8b4: ;   {optimized virtual_call}
  0x000002735aadf8b4: 1f40 00e8 

  0x000002735aadf8b8: ; ImmutableOopMap {[160]=Oop }
                      ;*invokevirtual postDefineClass {reexecute=0 rethrow=0 return_oop=0}
                      ; - java.lang.ClassLoader::defineClass@37
  0x000002735aadf8b8: 6460 faff 

  0x000002735aadf8bc: ;   {other}
  0x000002735aadf8bc: 0f1f 8400 | ac05 0003 | 488b 8424 | a000 0000 | 4881 c4b0 | 0000 005d 

  0x000002735aadf8d4: ;   {poll_return}
  0x000002735aadf8d4: 493b a748 | 0400 000f | 8799 0000 

  0x000002735aadf8e0: ;   {metadata({method} {0x00000273004371a8} 'defineClass' '(Ljava/lang/String;[BIILjava/security/ProtectionDomain;)Ljava/lang/Class;' in 'java/lang/ClassLoader')}
  0x000002735aadf8e0: 00c3 49ba | a071 4300 | 7302 0000 | 4c89 5424 | 0848 c704 | 24ff ffff 

  0x000002735aadf8f8: ;   {runtime_call counter_overflow Runtime1 stub}
  0x000002735aadf8f8: ffe8 024b 

  0x000002735aadf8fc: ; ImmutableOopMap {rdx=Oop r8=Oop r9=Oop rcx=Oop [120]=Oop }
                      ;*synchronization entry
                      ; - java.lang.ClassLoader::defineClass@-1
  0x000002735aadf8fc: 1f07 e987 

  0x000002735aadf900: ;   {metadata({method} {0x0000027300436e90} 'defineClassSourceLocation' '(Ljava/security/ProtectionDomain;)Ljava/lang/String;' in 'java/lang/ClassLoader')}
  0x000002735aadf900: fcff ff49 | ba88 6e43 | 0073 0200 | 004c 8954 | 2408 48c7 | 0424 ffff 

  0x000002735aadf918: ;   {runtime_call counter_overflow Runtime1 stub}
  0x000002735aadf918: ffff e8e1 

  0x000002735aadf91c: ; ImmutableOopMap {rax=Oop [120]=Oop [128]=Oop [136]=Oop [152]=Oop }
                      ;*synchronization entry
                      ; - java.lang.ClassLoader::defineClassSourceLocation@-1
                      ; - java.lang.ClassLoader::defineClass@12
  0x000002735aadf91c: 4a1f 07e9 | 00fd ffff 

  0x000002735aadf924: ;   {runtime_call throw_null_pointer_exception Runtime1 stub}
  0x000002735aadf924: e8d7 de1e 

  0x000002735aadf928: ; ImmutableOopMap {rax=Oop [120]=Oop [128]=Oop [136]=Oop [152]=Oop }
                      ;*invokevirtual getCodeSource {reexecute=0 rethrow=0 return_oop=0}
                      ; - java.lang.ClassLoader::defineClassSourceLocation@1
                      ; - java.lang.ClassLoader::defineClass@12
                      ;   {runtime_call throw_null_pointer_exception Runtime1 stub}
  0x000002735aadf928: 07e8 d2de 

  0x000002735aadf92c: ; ImmutableOopMap {rax=Oop r8=Oop [120]=Oop [128]=Oop [136]=Oop [152]=Oop }
                      ;*invokevirtual getLocation {reexecute=0 rethrow=0 return_oop=0}
                      ; - java.lang.ClassLoader::defineClassSourceLocation@12
                      ; - java.lang.ClassLoader::defineClass@12
                      ;   {runtime_call throw_null_pointer_exception Runtime1 stub}
  0x000002735aadf92c: 1e07 e8cd 

  0x000002735aadf930: ; ImmutableOopMap {rdx=Oop [120]=Oop [128]=Oop [136]=Oop [152]=Oop }
                      ;*invokevirtual toString {reexecute=0 rethrow=0 return_oop=0}
                      ; - java.lang.ClassLoader::defineClassSourceLocation@22
                      ; - java.lang.ClassLoader::defineClass@12
                      ;   {metadata({method} {0x000002730001ade8} 'toString' '()Ljava/lang/String;' in 'java/net/URL')}
  0x000002735aadf930: de1e 0749 | bae0 ad01 | 0073 0200 | 004c 8954 | 2408 48c7 | 0424 ffff 

  0x000002735aadf948: ;   {runtime_call counter_overflow Runtime1 stub}
  0x000002735aadf948: ffff e8b1 

  0x000002735aadf94c: ; ImmutableOopMap {rdx=Oop [120]=Oop [128]=Oop [136]=Oop [152]=Oop }
                      ;*synchronization entry
                      ; - java.net.URL::toString@-1
                      ; - java.lang.ClassLoader::defineClassSourceLocation@22
                      ; - java.lang.ClassLoader::defineClass@12
  0x000002735aadf94c: 4a1f 07e9 | d7fd ffff 

  0x000002735aadf954: ;   {metadata({method} {0x000002730042aa30} 'toExternalForm' '()Ljava/lang/String;' in 'java/net/URL')}
  0x000002735aadf954: 49ba 28aa | 4200 7302 | 0000 4c89 | 5424 0848 | c704 24ff 

  0x000002735aadf968: ;   {runtime_call counter_overflow Runtime1 stub}
  0x000002735aadf968: ffff ffe8 

  0x000002735aadf96c: ; ImmutableOopMap {rdx=Oop [120]=Oop [128]=Oop [136]=Oop [152]=Oop }
                      ;*synchronization entry
                      ; - java.net.URL::toExternalForm@-1
                      ; - java.net.URL::toString@1
                      ; - java.lang.ClassLoader::defineClassSourceLocation@22
                      ; - java.lang.ClassLoader::defineClass@12
  0x000002735aadf96c: 904a 1f07 | e9f4 fdff 

  0x000002735aadf974: ;   {runtime_call throw_null_pointer_exception Runtime1 stub}
  0x000002735aadf974: ffe8 86de 

  0x000002735aadf978: ; ImmutableOopMap {rdx=Oop rsi=Oop [120]=Oop [128]=Oop [136]=Oop [152]=Oop }
                      ;*invokevirtual toExternalForm {reexecute=0 rethrow=0 return_oop=0}
                      ; - java.net.URL::toExternalForm@5
                      ; - java.net.URL::toString@1
                      ; - java.lang.ClassLoader::defineClassSourceLocation@22
                      ; - java.lang.ClassLoader::defineClass@12
                      ;   {internal_word}
  0x000002735aadf978: 1e07 49ba | d4f8 ad5a | 7302 0000 | 4d89 9760 

  0x000002735aadf988: ;   {runtime_call SafepointBlob}
  0x000002735aadf988: 0400 00e9 | 7051 1407 | 498b 87f8 | 0400 0049 | c787 f804 | 0000 0000 | 0000 49c7 | 8700 0500 
  0x000002735aadf9a8: 0000 0000 | 0048 81c4 | b000 0000 

  0x000002735aadf9b4: ;   {runtime_call unwind_exception Runtime1 stub}
  0x000002735aadf9b4: 5de9 46cf | 1e07 f4f4 | f4f4 f4f4 
[Stub Code]
  0x000002735aadf9c0: ;   {no_reloc}
  0x000002735aadf9c0: 0f1f 4400 

  0x000002735aadf9c4: ;   {static_stub}
  0x000002735aadf9c4: 0048 bb00 | 0000 0000 

  0x000002735aadf9cc: ;   {runtime_call nmethod}
  0x000002735aadf9cc: 0000 00e9 | fbff ffff 

  0x000002735aadf9d4: ;   {static_stub}
  0x000002735aadf9d4: 48bb 0000 | 0000 0000 

  0x000002735aadf9dc: ;   {runtime_call nmethod}
  0x000002735aadf9dc: 0000 e9fb 

  0x000002735aadf9e0: ;   {static_stub}
  0x000002735aadf9e0: ffff ff48 | bb00 0000 | 0000 0000 

  0x000002735aadf9ec: ;   {runtime_call nmethod}
  0x000002735aadf9ec: 00e9 fbff 

  0x000002735aadf9f0: ;   {static_stub}
  0x000002735aadf9f0: ffff 48bb | 0000 0000 | 0000 0000 

  0x000002735aadf9fc: ;   {runtime_call nmethod}
  0x000002735aadf9fc: e9fb ffff 

  0x000002735aadfa00: ;   {runtime_call handle_exception_from_callee Runtime1 stub}
  0x000002735aadfa00: ffe8 fa07 

  0x000002735aadfa04: ;   {external_word}
  0x000002735aadfa04: 1f07 48b9 | 90e2 cdc9 | fa7f 0000 | 4883 e4f0 

  0x000002735aadfa14: ;   {runtime_call}
  0x000002735aadfa14: 48b8 1079 | 90c9 fa7f | 0000 ffd0 

  0x000002735aadfa20: ;   {section_word}
  0x000002735aadfa20: f449 ba21 | faad 5a73 | 0200 0041 

  0x000002735aadfa2c: ;   {runtime_call DeoptimizationBlob}
  0x000002735aadfa2c: 52e9 6e43 | 1407 f4f4 | f4f4 f4f4 
[/MachCode]


Compiled method (c1) 1881 2147   !   3       org.eclipse.osgi.internal.loader.ModuleClassLoader::defineClass (67 bytes)
 total in heap  [0x000002735ab6b210,0x000002735ab6be00] = 3056
 relocation     [0x000002735ab6b370,0x000002735ab6b420] = 176
 main code      [0x000002735ab6b420,0x000002735ab6ba30] = 1552
 stub code      [0x000002735ab6ba30,0x000002735ab6baa0] = 112
 oops           [0x000002735ab6baa0,0x000002735ab6baa8] = 8
 metadata       [0x000002735ab6baa8,0x000002735ab6bae8] = 64
 scopes data    [0x000002735ab6bae8,0x000002735ab6bc38] = 336
 scopes pcs     [0x000002735ab6bc38,0x000002735ab6bd48] = 272
 dependencies   [0x000002735ab6bd48,0x000002735ab6bd60] = 24
 handler table  [0x000002735ab6bd60,0x000002735ab6bdd8] = 120
 nul chk table  [0x000002735ab6bdd8,0x000002735ab6be00] = 40

[Constant Pool (empty)]

[MachCode]
[Entry Point]
  # {method} {0x0000027372624b18} 'defineClass' '(Ljava/lang/String;[BLorg/eclipse/osgi/internal/loader/classpath/ClasspathEntry;)Lorg/eclipse/osgi/internal/loader/ModuleClassLoader$DefineClassResult;' in 'org/eclipse/osgi/internal/loader/ModuleClassLoader'
  # this:     rdx:rdx   = 'org/eclipse/osgi/internal/loader/ModuleClassLoader'
  # parm0:    r8:r8     = 'java/lang/String'
  # parm1:    r9:r9     = '[B'
  # parm2:    rdi:rdi   = 'org/eclipse/osgi/internal/loader/classpath/ClasspathEntry'
  #           [sp+0xb0]  (sp of caller)
  0x000002735ab6b420: 448b 5208 | 49bb 0000 | 0000 7302 | 0000 4d03 | d34c 3bd0 

  0x000002735ab6b434: ;   {runtime_call ic_miss_stub}
  0x000002735ab6b434: 0f85 4630 | 0b07 660f | 1f44 0000 
[Verified Entry Point]
  0x000002735ab6b440: 8984 2400 | 80ff ff55 | 4881 eca0 | 0000 0090 | 4181 7f20 | 0100 0000 

  0x000002735ab6b458: ;   {runtime_call StubRoutines (final stubs)}
  0x000002735ab6b458: 7405 e881 

  0x000002735ab6b45c: ;   {metadata(method data for {method} {0x0000027372624b18} 'defineClass' '(Ljava/lang/String;[BLorg/eclipse/osgi/internal/loader/classpath/ClasspathEntry;)Lorg/eclipse/osgi/internal/loader/ModuleClassLoader$DefineClassResult;' in 'org/eclipse/osgi/internal/loader/ModuleClassLoader')}
  0x000002735ab6b45c: d509 0748 | beb8 e5a2 | 7273 0200 | 008b 9ecc | 0000 0083 | c302 899e | cc00 0000 | 81e3 fe07 
  0x000002735ab6b47c: 0000 85db | 0f84 6304 | 0000 4889 | 7c24 704c | 894c 2468 

  0x000002735ab6b490: ;   {metadata(method data for {method} {0x0000027372624b18} 'defineClass' '(Ljava/lang/String;[BLorg/eclipse/osgi/internal/loader/classpath/ClasspathEntry;)Lorg/eclipse/osgi/internal/loader/ModuleClassLoader$DefineClassResult;' in 'org/eclipse/osgi/internal/loader/ModuleClassLoader')}
  0x000002735ab6b490: 488b f248 | bbb8 e5a2 | 7273 0200 | 008b 7608 | 49ba 0000 | 0000 7302 | 0000 4903 | f248 3bb3 
  0x000002735ab6b4b0: 2001 0000 | 750d 4883 | 8328 0100 | 0001 e960 | 0000 0048 | 3bb3 3001 | 0000 750d | 4883 8338 
  0x000002735ab6b4d0: 0100 0001 | e94a 0000 | 0048 83bb | 2001 0000 | 0075 1748 | 89b3 2001 | 0000 48c7 | 8328 0100 
  0x000002735ab6b4f0: 0001 0000 | 00e9 2900 | 0000 4883 | bb30 0100 | 0000 7517 | 4889 b330 | 0100 0048 | c783 3801 
  0x000002735ab6b510: 0000 0100 | 0000 e908 | 0000 0048 | 8383 1001 

  0x000002735ab6b520: ;   {metadata(method data for {method} {0x0000027372625950} 'getClassLoadingLock' '(Ljava/lang/String;)Ljava/lang/Object;' in 'org/eclipse/osgi/internal/loader/ModuleClassLoader')}
  0x000002735ab6b520: 0000 0148 | be88 7191 | 7273 0200 | 008b 9ecc | 0000 0083 | c302 899e | cc00 0000 | 81e3 feff 
  0x000002735ab6b540: 1f00 85db | 0f84 c003 | 0000 8b72 | 5048 3b06 

  0x000002735ab6b550: ;   {metadata(method data for {method} {0x0000027372625950} 'getClassLoadingLock' '(Ljava/lang/String;)Ljava/lang/Object;' in 'org/eclipse/osgi/internal/loader/ModuleClassLoader')}
  0x000002735ab6b550: 488b de48 | b888 7191 | 7273 0200 | 0048 8380 | 1001 0000 | 0149 8bd8 | 4c8b c348 | 8954 2458 
  0x000002735ab6b570: 488b d648 | 895c 2460 | 0f1f 8000 

  0x000002735ab6b57c: ;   {optimized virtual_call}
  0x000002735ab6b57c: 0000 00e8 

  0x000002735ab6b580: ; ImmutableOopMap {[88]=Oop [96]=Oop [104]=Oop [112]=Oop }
                      ;*invokevirtual getLock {reexecute=0 rethrow=0 return_oop=0}
                      ; - org.eclipse.osgi.internal.loader.ModuleClassLoader::getClassLoadingLock@5 (line 437)
                      ; - org.eclipse.osgi.internal.loader.ModuleClassLoader::defineClass@8 (line 312)
  0x000002735ab6b580: 7c2a fbff 

  0x000002735ab6b584: ;   {other}
  0x000002735ab6b584: 0f1f 8400 | 7403 0000 | 4889 4424 | 7848 8d94 | 2480 0000 | 0048 8bf0 | 4889 7208 

  0x000002735ab6b5a0: ; implicit exception: dispatches to 0x000002735ab6b930
  0x000002735ab6b5a0: 488b 0648 | 83c8 0148 | 8902 f048 | 0fb1 160f | 8412 0000 | 0048 2bc4 | 4825 07f0 | ffff 4889 
  0x000002735ab6b5c0: 020f 856e | 0300 0049 | ff87 4805 | 0000 488b 

  0x000002735ab6b5d0: ;   {metadata(method data for {method} {0x0000027372624b18} 'defineClass' '(Ljava/lang/String;[BLorg/eclipse/osgi/internal/loader/classpath/ClasspathEntry;)Lorg/eclipse/osgi/internal/loader/ModuleClassLoader$DefineClassResult;' in 'org/eclipse/osgi/internal/loader/ModuleClassLoader')}
  0x000002735ab6b5d0: 5424 5848 | beb8 e5a2 | 7273 0200 | 0048 8386 | 4801 0000 

  0x000002735ab6b5e4: ;   {metadata(method data for {method} {0x00000273004372b0} 'findLoadedClass' '(Ljava/lang/String;)Ljava/lang/Class;' in 'java/lang/ClassLoader')}
  0x000002735ab6b5e4: 0148 ba68 | 4524 7273 | 0200 008b | b2cc 0000 | 0083 c602 | 89b2 cc00 | 0000 81e6 | feff 1f00 
  0x000002735ab6b604: 85f6 0f84 | 3c03 0000 

  0x000002735ab6b60c: ;   {metadata(method data for {method} {0x00000273004372b0} 'findLoadedClass' '(Ljava/lang/String;)Ljava/lang/Class;' in 'java/lang/ClassLoader')}
  0x000002735ab6b60c: 48ba 6845 | 2472 7302 | 0000 4883 | 8210 0100 | 0001 488b | 5424 600f 

  0x000002735ab6b624: ;   {static_call}
  0x000002735ab6b624: 1f40 00e8 

  0x000002735ab6b628: ; ImmutableOopMap {[88]=Oop [96]=Oop [104]=Oop [112]=Oop [120]=Oop [136]=Oop }
                      ;*invokestatic checkName {reexecute=0 rethrow=0 return_oop=0}
                      ; - java.lang.ClassLoader::findLoadedClass@1
                      ; - org.eclipse.osgi.internal.loader.ModuleClassLoader::defineClass@17 (line 313)
  0x000002735ab6b628: 142a cbff 

  0x000002735ab6b62c: ;   {other}
  0x000002735ab6b62c: 0f1f 8400 | 1c04 0001 

  0x000002735ab6b634: ;   {metadata(method data for {method} {0x00000273004372b0} 'findLoadedClass' '(Ljava/lang/String;)Ljava/lang/Class;' in 'java/lang/ClassLoader')}
  0x000002735ab6b634: 85c0 49b8 | 6845 2472 | 7302 0000 | 48c7 c220 | 0100 0075 | 0748 c7c2 | 3001 0000 | 498b 3410 
  0x000002735ab6b654: 488d 7601 | 4989 3410 | 0f85 0f00 

  0x000002735ab6b660: ;   {oop(nullptr)}
  0x000002735ab6b660: 0000 48be | 0000 0000 | 0000 0000 | e936 0000 | 0048 8b54 

  0x000002735ab6b674: ;   {metadata(method data for {method} {0x00000273004372b0} 'findLoadedClass' '(Ljava/lang/String;)Ljava/lang/Class;' in 'java/lang/ClassLoader')}
  0x000002735ab6b674: 2458 49b8 | 6845 2472 | 7302 0000 | 4983 8040 | 0100 0001 | 4c8b 4424 | 6048 8b54 | 2458 0f1f 
  0x000002735ab6b694: ;   {optimized virtual_call}
  0x000002735ab6b694: 4400 00e8 

  0x000002735ab6b698: ; ImmutableOopMap {[88]=Oop [96]=Oop [104]=Oop [112]=Oop [120]=Oop [136]=Oop }
                      ;*invokevirtual findLoadedClass0 {reexecute=0 rethrow=0 return_oop=0}
                      ; - java.lang.ClassLoader::findLoadedClass@11
                      ; - org.eclipse.osgi.internal.loader.ModuleClassLoader::defineClass@17 (line 313)
  0x000002735ab6b698: a49c 7d07 

  0x000002735ab6b69c: ;   {other}
  0x000002735ab6b69c: 0f1f 8400 | 8c04 0002 | 488b f048 

  0x000002735ab6b6a8: ;   {metadata(method data for {method} {0x0000027372624b18} 'defineClass' '(Ljava/lang/String;[BLorg/eclipse/osgi/internal/loader/classpath/ClasspathEntry;)Lorg/eclipse/osgi/internal/loader/ModuleClassLoader$DefineClassResult;' in 'org/eclipse/osgi/internal/loader/ModuleClassLoader')}
  0x000002735ab6b6a8: 85f6 49b8 | b8e5 a272 | 7302 0000 | 49c7 c190 | 0100 0074 | 0749 c7c1 | 8001 0000 | 4b8b 3c08 
  0x000002735ab6b6c8: 488d 7f01 | 4b89 3c08 | 0f84 0e00 | 0000 488b | de41 b800 | 0000 00e9 | 7900 0000 | 488b 7c24 
  0x000002735ab6b6e8: 704c 8b4c | 2468 4c8b | 4424 6048 | 8b54 2458 

  0x000002735ab6b6f8: ; implicit exception: dispatches to 0x000002735ab6b969
  0x000002735ab6b6f8: 418b 710c 

  0x000002735ab6b6fc: ; implicit exception: dispatches to 0x000002735ab6b96e
  0x000002735ab6b6fc: 483b 0748 

  0x000002735ab6b700: ;   {metadata(method data for {method} {0x0000027372624b18} 'defineClass' '(Ljava/lang/String;[BLorg/eclipse/osgi/internal/loader/classpath/ClasspathEntry;)Lorg/eclipse/osgi/internal/loader/ModuleClassLoader$DefineClassResult;' in 'org/eclipse/osgi/internal/loader/ModuleClassLoader')}
  0x000002735ab6b700: 8bcf 48bb | b8e5 a272 | 7302 0000 

  0x000002735ab6b70c: ;   {metadata('org/eclipse/osgi/internal/loader/classpath/ClasspathEntry')}
  0x000002735ab6b70c: 49ba d8b9 | 0b01 7302 | 0000 4c89 | 93b0 0100 | 0048 8383 | b801 0000 | 018b 4f10 

  0x000002735ab6b728: ;   {metadata(method data for {method} {0x0000027372624b18} 'defineClass' '(Ljava/lang/String;[BLorg/eclipse/osgi/internal/loader/classpath/ClasspathEntry;)Lorg/eclipse/osgi/internal/loader/ModuleClassLoader$DefineClassResult;' in 'org/eclipse/osgi/internal/loader/ModuleClassLoader')}
  0x000002735ab6b728: 488b fa48 | bbb8 e5a2 | 7273 0200 | 0048 8383 | d801 0000 | 01bf 0000 | 0000 0f1f 

  0x000002735ab6b744: ;   {optimized virtual_call}
  0x000002735ab6b744: 4400 00e8 

  0x000002735ab6b748: ; ImmutableOopMap {[120]=Oop [136]=Oop }
                      ;*invokevirtual defineClass {reexecute=0 rethrow=0 return_oop=0}
                      ; - org.eclipse.osgi.internal.loader.ModuleClassLoader::defineClass@37 (line 315)
  0x000002735ab6b748: f43d f7ff 

  0x000002735ab6b74c: ;   {other}
  0x000002735ab6b74c: 0f1f 8400 | 3c05 0003 | 488b d841 | b801 0000 | 0048 8d84 | 2480 0000 | 0048 8b10 | 4885 d20f 
  0x000002735ab6b76c: 840f 0000 | 0048 8b70 | 08f0 480f | b116 0f85 | f301 0000 | 49ff 8f48 

  0x000002735ab6b784: ;   {metadata(method data for {method} {0x0000027372624b18} 'defineClass' '(Ljava/lang/String;[BLorg/eclipse/osgi/internal/loader/classpath/ClasspathEntry;)Lorg/eclipse/osgi/internal/loader/ModuleClassLoader$DefineClassResult;' in 'org/eclipse/osgi/internal/loader/ModuleClassLoader')}
  0x000002735ab6b784: 0500 0048 | bab8 e5a2 | 7273 0200 | 00ff 8210 

  0x000002735ab6b794: ;   {metadata('org/eclipse/osgi/internal/loader/ModuleClassLoader$DefineClassResult')}
  0x000002735ab6b794: 0200 0048 | ba18 a211 | 0173 0200 | 0049 8b87 | b801 0000 | 488d 7818 | 493b bfc8 | 0100 000f 
  0x000002735ab6b7b4: 87d0 0100 | 0049 89bf | b801 0000 | 48c7 0001 | 0000 0048 | 8bca 49ba | 0000 0000 | 7302 0000 
  0x000002735ab6b7d4: 492b ca89 | 4808 4833 | c989 480c | 4833 c948 | 8948 1048 

  0x000002735ab6b7e8: ;   {metadata(method data for {method} {0x0000027372624b18} 'defineClass' '(Ljava/lang/String;[BLorg/eclipse/osgi/internal/loader/classpath/ClasspathEntry;)Lorg/eclipse/osgi/internal/loader/ModuleClassLoader$DefineClassResult;' in 'org/eclipse/osgi/internal/loader/ModuleClassLoader')}
  0x000002735ab6b7e8: 8bf0 48bf | b8e5 a272 | 7302 0000 | 4883 8728 | 0200 0001 

  0x000002735ab6b7fc: ;   {metadata(method data for {method} {0x000002737273d918} '<init>' '(Ljava/lang/Class;Z)V' in 'org/eclipse/osgi/internal/loader/ModuleClassLoader$DefineClassResult')}
  0x000002735ab6b7fc: 48be 48e8 | a272 7302 | 0000 8bbe | cc00 0000 | 83c7 0289 | becc 0000 | 0081 e7fe | ff1f 0085 
  0x000002735ab6b81c: ff0f 8473 | 0100 0048 

  0x000002735ab6b824: ;   {metadata(method data for {method} {0x000002737273d918} '<init>' '(Ljava/lang/Class;Z)V' in 'org/eclipse/osgi/internal/loader/ModuleClassLoader$DefineClassResult')}
  0x000002735ab6b824: 8bf0 48bf | 48e8 a272 | 7302 0000 | 4883 8710 | 0100 0001 

  0x000002735ab6b838: ;   {metadata(method data for {method} {0x0000027300476c60} '<init>' '()V' in 'java/lang/Object')}
  0x000002735ab6b838: 48be 6067 | 0072 7302 | 0000 8bbe | cc00 0000 | 83c7 0289 | becc 0000 | 0081 e7fe | ff1f 0085 
  0x000002735ab6b858: ff0f 8458 | 0100 004c | 8bd3 4489 | 5010 488d | 3048 c1ee | 0948 bf00 | 0057 6973 | 0200 00c6 
  0x000002735ab6b878: 043e 0041 | 83e0 0144 | 8840 0c48 | 81c4 a000 

  0x000002735ab6b888: ;   {poll_return}
  0x000002735ab6b888: 0000 5d49 | 3ba7 4804 | 0000 0f87 | 4001 0000 | c349 8b87 | f804 0000 | 4d33 d24d | 8997 f804 
  0x000002735ab6b8a8: 0000 4d33 | d24d 8997 | 0005 0000 | 488b f048 | 8d84 2480 | 0000 0048 | 8b38 4885 | ff0f 840f 
  0x000002735ab6b8c8: 0000 0048 | 8b58 08f0 | 480f b13b | 0f85 1401 | 0000 49ff | 8f48 0500 | 0048 8bc6 | e938 0100 
  0x000002735ab6b8e8: ;   {metadata({method} {0x0000027372624b18} 'defineClass' '(Ljava/lang/String;[BLorg/eclipse/osgi/internal/loader/classpath/ClasspathEntry;)Lorg/eclipse/osgi/internal/loader/ModuleClassLoader$DefineClassResult;' in 'org/eclipse/osgi/internal/loader/ModuleClassLoader')}
  0x000002735ab6b8e8: 0049 ba10 | 4b62 7273 | 0200 004c | 8954 2408 | 48c7 0424 | ffff ffff 

  0x000002735ab6b900: ;   {runtime_call counter_overflow Runtime1 stub}
  0x000002735ab6b900: e8fb 8a16 

  0x000002735ab6b904: ; ImmutableOopMap {rdx=Oop r8=Oop r9=Oop rdi=Oop }
                      ;*synchronization entry
                      ; - org.eclipse.osgi.internal.loader.ModuleClassLoader::defineClass@-1 (line 310)
  0x000002735ab6b904: 07e9 7cfb 

  0x000002735ab6b908: ;   {metadata({method} {0x0000027372625950} 'getClassLoadingLock' '(Ljava/lang/String;)Ljava/lang/Object;' in 'org/eclipse/osgi/internal/loader/ModuleClassLoader')}
  0x000002735ab6b908: ffff 49ba | 4859 6272 | 7302 0000 | 4c89 5424 | 0848 c704 | 24ff ffff 

  0x000002735ab6b920: ;   {runtime_call counter_overflow Runtime1 stub}
  0x000002735ab6b920: ffe8 da8a 

  0x000002735ab6b924: ; ImmutableOopMap {rdx=Oop r8=Oop [104]=Oop [112]=Oop }
                      ;*synchronization entry
                      ; - org.eclipse.osgi.internal.loader.ModuleClassLoader::getClassLoadingLock@-1 (line 437)
                      ; - org.eclipse.osgi.internal.loader.ModuleClassLoader::defineClass@8 (line 312)
  0x000002735ab6b924: 1607 e91f 

  0x000002735ab6b928: ;   {runtime_call throw_null_pointer_exception Runtime1 stub}
  0x000002735ab6b928: fcff ffe8 

  0x000002735ab6b92c: ; ImmutableOopMap {rdx=Oop r8=Oop rsi=Oop [104]=Oop [112]=Oop }
                      ;*invokevirtual getLock {reexecute=0 rethrow=0 return_oop=0}
                      ; - org.eclipse.osgi.internal.loader.ModuleClassLoader::getClassLoadingLock@5 (line 437)
                      ; - org.eclipse.osgi.internal.loader.ModuleClassLoader::defineClass@8 (line 312)
  0x000002735ab6b92c: d01e 1607 

  0x000002735ab6b930: ;   {runtime_call throw_null_pointer_exception Runtime1 stub}
  0x000002735ab6b930: e8cb 1e16 

  0x000002735ab6b934: ; ImmutableOopMap {rsi=Oop [88]=Oop [96]=Oop [104]=Oop [112]=Oop [120]=Oop }
                      ;*monitorenter {reexecute=0 rethrow=0 return_oop=0}
                      ; - org.eclipse.osgi.internal.loader.ModuleClassLoader::defineClass@14 (line 312)
  0x000002735ab6b934: 0748 8974 | 2408 4889 

  0x000002735ab6b93c: ;   {runtime_call monitorenter_nofpu Runtime1 stub}
  0x000002735ab6b93c: 1424 e8bd 

  0x000002735ab6b940: ; ImmutableOopMap {rsi=Oop [88]=Oop [96]=Oop [104]=Oop [112]=Oop [120]=Oop [136]=Oop }
                      ;*monitorenter {reexecute=0 rethrow=0 return_oop=0}
                      ; - org.eclipse.osgi.internal.loader.ModuleClassLoader::defineClass@14 (line 312)
  0x000002735ab6b940: 6616 07e9 | 86fc ffff 

  0x000002735ab6b948: ;   {metadata({method} {0x00000273004372b0} 'findLoadedClass' '(Ljava/lang/String;)Ljava/lang/Class;' in 'java/lang/ClassLoader')}
  0x000002735ab6b948: 49ba a872 | 4300 7302 | 0000 4c89 | 5424 0848 | c704 24ff 

  0x000002735ab6b95c: ;   {runtime_call counter_overflow Runtime1 stub}
  0x000002735ab6b95c: ffff ffe8 

  0x000002735ab6b960: ; ImmutableOopMap {[88]=Oop [96]=Oop [104]=Oop [112]=Oop [120]=Oop [136]=Oop }
                      ;*synchronization entry
                      ; - java.lang.ClassLoader::findLoadedClass@-1
                      ; - org.eclipse.osgi.internal.loader.ModuleClassLoader::defineClass@17 (line 313)
  0x000002735ab6b960: 9c8a 1607 | e9a3 fcff 

  0x000002735ab6b968: ;   {runtime_call throw_null_pointer_exception Runtime1 stub}
  0x000002735ab6b968: ffe8 921e 

  0x000002735ab6b96c: ; ImmutableOopMap {rdx=Oop r8=Oop r9=Oop rdi=Oop [120]=Oop [136]=Oop }
                      ;*arraylength {reexecute=0 rethrow=0 return_oop=0}
                      ; - org.eclipse.osgi.internal.loader.ModuleClassLoader::defineClass@32 (line 315)
                      ;   {runtime_call throw_null_pointer_exception Runtime1 stub}
  0x000002735ab6b96c: 1607 e88d 

  0x000002735ab6b970: ; ImmutableOopMap {rdx=Oop r8=Oop r9=Oop rdi=Oop [120]=Oop [136]=Oop }
                      ;*invokevirtual getDomain {reexecute=0 rethrow=0 return_oop=0}
                      ; - org.eclipse.osgi.internal.loader.ModuleClassLoader::defineClass@34 (line 315)
  0x000002735ab6b970: 1e16 0748 | 8d84 2480 | 0000 0048 

  0x000002735ab6b97c: ;   {runtime_call monitorexit_nofpu Runtime1 stub}
  0x000002735ab6b97c: 8904 24e8 | 7c6c 1607 | e9fe fdff | ff48 8bd2 

  0x000002735ab6b98c: ;   {runtime_call fast_new_instance Runtime1 stub}
  0x000002735ab6b98c: e86f 2a16 

  0x000002735ab6b990: ; ImmutableOopMap {rbx=Oop }
                      ;*new {reexecute=0 rethrow=0 return_oop=0}
                      ; - org.eclipse.osgi.internal.loader.ModuleClassLoader::defineClass@55 (line 319)
  0x000002735ab6b990: 07e9 51fe 

  0x000002735ab6b994: ;   {metadata({method} {0x000002737273d918} '<init>' '(Ljava/lang/Class;Z)V' in 'org/eclipse/osgi/internal/loader/ModuleClassLoader$DefineClassResult')}
  0x000002735ab6b994: ffff 49ba | 10d9 7372 | 7302 0000 | 4c89 5424 | 0848 c704 | 24ff ffff 

  0x000002735ab6b9ac: ;   {runtime_call counter_overflow Runtime1 stub}
  0x000002735ab6b9ac: ffe8 4e8a 

  0x000002735ab6b9b0: ; ImmutableOopMap {rbx=Oop rax=Oop }
                      ;*synchronization entry
                      ; - org.eclipse.osgi.internal.loader.ModuleClassLoader$DefineClassResult::<init>@-1 (line 96)
                      ; - org.eclipse.osgi.internal.loader.ModuleClassLoader::defineClass@63 (line 319)
  0x000002735ab6b9b0: 1607 e96c 

  0x000002735ab6b9b4: ;   {metadata({method} {0x0000027300476c60} '<init>' '()V' in 'java/lang/Object')}
  0x000002735ab6b9b4: feff ff49 | ba58 6c47 | 0073 0200 | 004c 8954 | 2408 48c7 | 0424 ffff 

  0x000002735ab6b9cc: ;   {runtime_call counter_overflow Runtime1 stub}
  0x000002735ab6b9cc: ffff e82d 

  0x000002735ab6b9d0: ; ImmutableOopMap {rbx=Oop rax=Oop }
                      ;*synchronization entry
                      ; - java.lang.Object::<init>@-1
                      ; - org.eclipse.osgi.internal.loader.ModuleClassLoader$DefineClassResult::<init>@1 (line 96)
                      ; - org.eclipse.osgi.internal.loader.ModuleClassLoader::defineClass@63 (line 319)
  0x000002735ab6b9d0: 8a16 07e9 | 87fe ffff 

  0x000002735ab6b9d8: ;   {internal_word}
  0x000002735ab6b9d8: 49ba 8bb8 | b65a 7302 | 0000 4d89 | 9760 0400 

  0x000002735ab6b9e8: ;   {runtime_call SafepointBlob}
  0x000002735ab6b9e8: 00e9 1291 | 0b07 488d | 8424 8000 | 0000 4889 

  0x000002735ab6b9f8: ;   {runtime_call monitorexit_nofpu Runtime1 stub}
  0x000002735ab6b9f8: 0424 e801 | 6c16 07e9 | ddfe ffff | 498b 87f8 | 0400 0049 | c787 f804 | 0000 0000 | 0000 49c7 
  0x000002735ab6ba18: 8700 0500 | 0000 0000 | 0048 81c4 | a000 0000 

  0x000002735ab6ba28: ;   {runtime_call unwind_exception Runtime1 stub}
  0x000002735ab6ba28: 5de9 d20e | 1607 f4f4 
[Stub Code]
  0x000002735ab6ba30: ;   {no_reloc}
  0x000002735ab6ba30: 48bb 0000 | 0000 0000 

  0x000002735ab6ba38: ;   {runtime_call nmethod}
  0x000002735ab6ba38: 0000 e9fb 

  0x000002735ab6ba3c: ;   {static_stub}
  0x000002735ab6ba3c: ffff ff48 | bb00 0000 | 0000 0000 

  0x000002735ab6ba48: ;   {runtime_call nmethod}
  0x000002735ab6ba48: 00e9 fbff 

  0x000002735ab6ba4c: ;   {static_stub}
  0x000002735ab6ba4c: ffff 48bb | 0000 0000 | 0000 0000 

  0x000002735ab6ba58: ;   {runtime_call nmethod}
  0x000002735ab6ba58: e9fb ffff 

  0x000002735ab6ba5c: ;   {static_stub}
  0x000002735ab6ba5c: ff48 bb00 | 0000 0000 

  0x000002735ab6ba64: ;   {runtime_call nmethod}
  0x000002735ab6ba64: 0000 00e9 | fbff ffff 
[Exception Handler]
  0x000002735ab6ba6c: ;   {runtime_call handle_exception_from_callee Runtime1 stub}
  0x000002735ab6ba6c: e88f 4716 

  0x000002735ab6ba70: ;   {external_word}
  0x000002735ab6ba70: 0748 b990 | e2cd c9fa | 7f00 0048 

  0x000002735ab6ba7c: ;   {runtime_call}
  0x000002735ab6ba7c: 83e4 f048 | b810 7990 | c9fa 7f00 | 00ff d0f4 
[Deopt Handler Code]
  0x000002735ab6ba8c: ;   {section_word}
  0x000002735ab6ba8c: 49ba 8cba | b65a 7302 | 0000 4152 

  0x000002735ab6ba98: ;   {runtime_call DeoptimizationBlob}
  0x000002735ab6ba98: e903 830b | 07f4 f4f4 
[/MachCode]


---------------  P R O C E S S  ---------------

Threads class SMR info:
_java_thread_list=0x0000027376461a40, length=22, elements={
0x0000027355ebd300, 0x000002736e6451c0, 0x000002736e646930, 0x000002736e649a20,
0x000002736e64a470, 0x000002736e650650, 0x000002736e658790, 0x000002736fb4faf0,
0x000002736fb52d10, 0x000002736e6573e0, 0x000002736fc4c610, 0x000002736fdf3740,
0x000002736fdf5110, 0x000002736e656030, 0x00000273714f6410, 0x000002736e6566c0,
0x000002736e658e20, 0x000002736e6594b0, 0x000002736e657a70, 0x000002736e656d50,
0x0000027376466a30, 0x0000027376460ff0
}

Java Threads: ( => current thread )
  0x0000027355ebd300 JavaThread "main"                              [_thread_blocked, id=19312, stack(0x000000efecc00000,0x000000efecd00000) (1024K)]
  0x000002736e6451c0 JavaThread "Reference Handler"          daemon [_thread_blocked, id=7644, stack(0x000000efed000000,0x000000efed100000) (1024K)]
  0x000002736e646930 JavaThread "Finalizer"                  daemon [_thread_blocked, id=30464, stack(0x000000efed100000,0x000000efed200000) (1024K)]
  0x000002736e649a20 JavaThread "Signal Dispatcher"          daemon [_thread_blocked, id=26004, stack(0x000000efed200000,0x000000efed300000) (1024K)]
  0x000002736e64a470 JavaThread "Attach Listener"            daemon [_thread_blocked, id=9536, stack(0x000000efed300000,0x000000efed400000) (1024K)]
  0x000002736e650650 JavaThread "Service Thread"             daemon [_thread_blocked, id=19276, stack(0x000000efed400000,0x000000efed500000) (1024K)]
  0x000002736e658790 JavaThread "Monitor Deflation Thread"   daemon [_thread_blocked, id=18808, stack(0x000000efed500000,0x000000efed600000) (1024K)]
  0x000002736fb4faf0 JavaThread "C2 CompilerThread0"         daemon [_thread_blocked, id=30116, stack(0x000000efed600000,0x000000efed700000) (1024K)]
  0x000002736fb52d10 JavaThread "C1 CompilerThread0"         daemon [_thread_blocked, id=28172, stack(0x000000efed700000,0x000000efed800000) (1024K)]
  0x000002736e6573e0 JavaThread "Common-Cleaner"             daemon [_thread_blocked, id=30260, stack(0x000000efed800000,0x000000efed900000) (1024K)]
  0x000002736fc4c610 JavaThread "C1 CompilerThread1"         daemon [_thread_blocked, id=6016, stack(0x000000efed900000,0x000000efeda00000) (1024K)]
  0x000002736fdf3740 JavaThread "C1 CompilerThread2"         daemon [_thread_blocked, id=7268, stack(0x000000efedb00000,0x000000efedc00000) (1024K)]
  0x000002736fdf5110 JavaThread "C1 CompilerThread3"         daemon [_thread_blocked, id=15520, stack(0x000000efedc00000,0x000000efedd00000) (1024K)]
  0x000002736e656030 JavaThread "Notification Thread"        daemon [_thread_blocked, id=3880, stack(0x000000efeda00000,0x000000efedb00000) (1024K)]
  0x00000273714f6410 JavaThread "C2 CompilerThread1"         daemon [_thread_blocked, id=25596, stack(0x000000efedd00000,0x000000efede00000) (1024K)]
  0x000002736e6566c0 JavaThread "Active Thread: Equinox Container: 38435637-8a53-4ffd-b2ba-e52a3e680e8d"        [_thread_blocked, id=15948, stack(0x000000efee600000,0x000000efee700000) (1024K)]
  0x000002736e658e20 JavaThread "Framework Event Dispatcher: Equinox Container: 38435637-8a53-4ffd-b2ba-e52a3e680e8d" daemon [_thread_blocked, id=14524, stack(0x000000efee800000,0x000000efee900000) (1024K)]
=>0x000002736e6594b0 JavaThread "Start Level: Equinox Container: 38435637-8a53-4ffd-b2ba-e52a3e680e8d" daemon [_thread_in_vm, id=24476, stack(0x000000efee900000,0x000000efeea00000) (1024K)]
  0x000002736e657a70 JavaThread "SCR Component Actor"        daemon [_thread_blocked, id=29148, stack(0x000000efeea00000,0x000000efeeb00000) (1024K)]
  0x000002736e656d50 JavaThread "SCR Component Registry"     daemon [_thread_blocked, id=18288, stack(0x000000efede00000,0x000000efedf00000) (1024K)]
  0x0000027376466a30 JavaThread "C2 CompilerThread2"         daemon [_thread_blocked, id=29916, stack(0x000000efee500000,0x000000efee600000) (1024K)]
  0x0000027376460ff0 JavaThread "C2 CompilerThread3"         daemon [_thread_blocked, id=27096, stack(0x000000efeeb00000,0x000000efeec00000) (1024K)]
Total: 22

Other Threads:
  0x000002736e6417b0 VMThread "VM Thread"                           [id=17236, stack(0x000000efecf00000,0x000000efed000000) (1024K)]
  0x000002736e53ca10 WatcherThread "VM Periodic Task Thread"        [id=2600, stack(0x000000efece00000,0x000000efecf00000) (1024K)]
  0x0000027355eddef0 WorkerThread "GC Thread#0"                     [id=6596, stack(0x000000efecd00000,0x000000efece00000) (1024K)]
  0x0000027371477850 WorkerThread "GC Thread#1"                     [id=14788, stack(0x000000efedf00000,0x000000efee000000) (1024K)]
  0x00000273717381f0 WorkerThread "GC Thread#2"                     [id=30152, stack(0x000000efee000000,0x000000efee100000) (1024K)]
  0x0000027371738590 WorkerThread "GC Thread#3"                     [id=10504, stack(0x000000efee100000,0x000000efee200000) (1024K)]
  0x0000027371738930 WorkerThread "GC Thread#4"                     [id=15184, stack(0x000000efee200000,0x000000efee300000) (1024K)]
  0x0000027371c0aa00 WorkerThread "GC Thread#5"                     [id=10408, stack(0x000000efee300000,0x000000efee400000) (1024K)]
  0x0000027371c0ada0 WorkerThread "GC Thread#6"                     [id=10968, stack(0x000000efee400000,0x000000efee500000) (1024K)]
  0x00000273763c2480 WorkerThread "GC Thread#7"                     [id=28972, stack(0x000000efee700000,0x000000efee800000) (1024K)]
Total: 10

Threads with active compile tasks:
Total: 0

VM state: not at safepoint (normal execution)

VM Mutex/Monitor currently owned by a thread:  ([mutex/lock_event])
[0x00007ffac9f93458] Metaspace_lock - owner thread: 0x000002736e6594b0

Heap address: 0x0000000080000000, size: 2048 MB, Compressed Oops mode: 32-bit

CDS archive(s) mapped at: [0x0000027300000000-0x0000027300ba0000-0x0000027300ba0000), size 12189696, SharedBaseAddress: 0x0000027300000000, ArchiveRelocationMode: 1.
Compressed class space mapped at: 0x0000027301000000-0x0000027341000000, reserved size: 1073741824
Narrow klass base: 0x0000027300000000, Narrow klass shift: 0, Narrow klass range: 0x100000000

GC Precious Log:
 CardTable entry size: 512
 CPUs: 16 total, 16 available
 Memory: 15775M
 Large Page Support: Disabled
 NUMA Support: Disabled
 Compressed Oops: Enabled (32-bit)
 Alignments: Space 512K, Generation 512K, Heap 2M
 Heap Min Capacity: 100M
 Heap Initial Capacity: 100M
 Heap Max Capacity: 2G
 Pre-touch: Disabled
 Parallel Workers: 13

Heap:
 PSYoungGen      total 29696K, used 26528K [0x00000000d5580000, 0x00000000d7680000, 0x0000000100000000)
  eden space 25600K, 87% used [0x00000000d5580000,0x00000000d6b6ac00,0x00000000d6e80000)
  from space 4096K, 99% used [0x00000000d7280000,0x00000000d767d790,0x00000000d7680000)
  to   space 4096K, 0% used [0x00000000d6e80000,0x00000000d6e80000,0x00000000d7280000)
 ParOldGen       total 68608K, used 889K [0x0000000080000000, 0x0000000084300000, 0x00000000d5580000)
  object space 68608K, 1% used [0x0000000080000000,0x00000000800de6a8,0x0000000084300000)
 Metaspace       used 11916K, committed 12288K, reserved 1114112K
  class space    used 1265K, committed 1408K, reserved 1048576K

Card table byte_map: [0x0000027369970000,0x0000027369d80000] _byte_map_base: 0x0000027369570000

Marking Bits: (ParMarkBitMap*) 0x00007ffac9f9a340
 Begin Bits: [0x000002736a030000, 0x000002736c030000)
 End Bits:   [0x000002736c030000, 0x000002736e030000)

Polling page: 0x0000027355bf0000

Metaspace:

Usage:
  Non-class:     10.40 MB used.
      Class:      1.24 MB used.
       Both:     11.64 MB used.

Virtual space:
  Non-class space:       64.00 MB reserved,      10.62 MB ( 17%) committed,  1 nodes.
      Class space:        1.00 GB reserved,       1.38 MB ( <1%) committed,  1 nodes.
             Both:        1.06 GB reserved,      12.00 MB (  1%) committed. 

Chunk freelists:
   Non-Class:  5.05 MB
       Class:  14.58 MB
        Both:  19.63 MB

MaxMetaspaceSize: unlimited
CompressedClassSpaceSize: 1.00 GB
Initial GC threshold: 21.00 MB
Current GC threshold: 21.00 MB
CDS: on
 - commit_granule_bytes: 65536.
 - commit_granule_words: 8192.
 - virtual_space_node_default_size: 8388608.
 - enlarge_chunks_in_place: 1.
 - use_allocation_guard: 0.


Internal statistics:

num_allocs_failed_limit: 0.
num_arena_births: 320.
num_arena_deaths: 0.
num_vsnodes_births: 2.
num_vsnodes_deaths: 0.
num_space_committed: 192.
num_space_uncommitted: 0.
num_chunks_returned_to_freelist: 0.
num_chunks_taken_from_freelist: 698.
num_chunk_merges: 0.
num_chunk_splits: 448.
num_chunks_enlarged: 291.
num_inconsistent_stats: 0.

CodeHeap 'non-profiled nmethods': size=119168Kb used=928Kb max_used=928Kb free=118239Kb
 bounds [0x0000027362320000, 0x0000027362590000, 0x0000027369780000]
CodeHeap 'profiled nmethods': size=119104Kb used=4306Kb max_used=4306Kb free=114797Kb
 bounds [0x000002735a780000, 0x000002735abc0000, 0x0000027361bd0000]
CodeHeap 'non-nmethods': size=7488Kb used=2934Kb max_used=2948Kb free=4553Kb
 bounds [0x0000027361bd0000, 0x0000027361ec0000, 0x0000027362320000]
CodeCache: size=245760Kb, used=8168Kb, max_used=8182Kb, free=237589Kb
 total_blobs=2815, nmethods=2298, adapters=420, full_count=0
Compilation: enabled, stopped_count=0, restarted_count=0

Compilation events (20 events):
Event: 1.815 Thread 0x000002736fdf5110 nmethod 2287 0x000002735abad410 code [0x000002735abad5e0, 0x000002735abad860]
Event: 1.815 Thread 0x00000273714f6410 nmethod 2286 0x0000027362406e10 code [0x0000027362406fa0, 0x0000027362407058]
Event: 1.815 Thread 0x0000027376466a30 nmethod 2288 0x0000027362407110 code [0x00000273624072a0, 0x0000027362407330]
Event: 1.816 Thread 0x000002736fdf3740 2289       3       java.io.DataInputStream::readByte (6 bytes)
Event: 1.816 Thread 0x000002736fb52d10 nmethod 2282 0x000002735abad990 code [0x000002735abaddc0, 0x000002735abaffc8]
Event: 1.816 Thread 0x000002736fdf3740 nmethod 2289 0x000002735abb1690 code [0x000002735abb1860, 0x000002735abb1b90]
Event: 1.817 Thread 0x000002736fc4c610 2290       3       java.util.regex.Pattern::next (33 bytes)
Event: 1.818 Thread 0x000002736fc4c610 nmethod 2290 0x000002735abb1d10 code [0x000002735abb1ec0, 0x000002735abb2118]
Event: 1.821 Thread 0x000002736fb52d10 2295       3       java.util.LinkedList$ListItr::checkForComodification (23 bytes)
Event: 1.821 Thread 0x000002736fdf5110 2296       3       org.eclipse.osgi.framework.util.CaseInsensitiveDictionaryMap::get (15 bytes)
Event: 1.821 Thread 0x000002736fc4c610 2297       3       org.eclipse.osgi.internal.framework.FilterImpl$And::matches0 (41 bytes)
Event: 1.822 Thread 0x000002736fb52d10 nmethod 2295 0x000002735abb2210 code [0x000002735abb23c0, 0x000002735abb25e8]
Event: 1.822 Thread 0x000002736fc4c610 nmethod 2297 0x000002735abb2710 code [0x000002735abb28e0, 0x000002735abb2c08]
Event: 1.822 Thread 0x000002736fdf5110 nmethod 2296 0x000002735abb2d90 code [0x000002735abb2fa0, 0x000002735abb36e0]
Event: 1.826 Thread 0x0000027376460ff0 2298       4       java.lang.ref.Reference::refersToImpl (6 bytes)
Event: 1.826 Thread 0x0000027376460ff0 nmethod 2298 0x0000027362408010 code [0x00000273624081a0, 0x0000027362408238]
Event: 1.830 Thread 0x000002736fdf5110 2299       3       org.eclipse.osgi.internal.loader.sources.SingleSourcePackage::loadClass (9 bytes)
Event: 1.831 Thread 0x000002736fdf5110 nmethod 2299 0x000002735abb3910 code [0x000002735abb3ac0, 0x000002735abb3c98]
Event: 1.832 Thread 0x000002736fb52d10 2300       3       org.eclipse.osgi.internal.loader.classpath.ClasspathManager::findLocalClassImpl (132 bytes)
Event: 1.833 Thread 0x000002736fb52d10 nmethod 2300 0x000002735abb3d90 code [0x000002735abb3fe0, 0x000002735abb48b0]

GC Heap History (4 events):
Event: 0.779 GC heap before
{Heap before GC invocations=1 (full 0):
 PSYoungGen      total 29696K, used 25600K [0x00000000d5580000, 0x00000000d7680000, 0x0000000100000000)
  eden space 25600K, 100% used [0x00000000d5580000,0x00000000d6e80000,0x00000000d6e80000)
  from space 4096K, 0% used [0x00000000d7280000,0x00000000d7280000,0x00000000d7680000)
  to   space 4096K, 0% used [0x00000000d6e80000,0x00000000d6e80000,0x00000000d7280000)
 ParOldGen       total 68608K, used 0K [0x0000000080000000, 0x0000000084300000, 0x00000000d5580000)
  object space 68608K, 0% used [0x0000000080000000,0x0000000080000000,0x0000000084300000)
 Metaspace       used 4163K, committed 4416K, reserved 1114112K
  class space    used 453K, committed 576K, reserved 1048576K
}
Event: 0.786 GC heap after
{Heap after GC invocations=1 (full 0):
 PSYoungGen      total 29696K, used 3595K [0x00000000d5580000, 0x00000000d7680000, 0x0000000100000000)
  eden space 25600K, 0% used [0x00000000d5580000,0x00000000d5580000,0x00000000d6e80000)
  from space 4096K, 87% used [0x00000000d6e80000,0x00000000d7202d90,0x00000000d7280000)
  to   space 4096K, 0% used [0x00000000d7280000,0x00000000d7280000,0x00000000d7680000)
 ParOldGen       total 68608K, used 16K [0x0000000080000000, 0x0000000084300000, 0x00000000d5580000)
  object space 68608K, 0% used [0x0000000080000000,0x0000000080004000,0x0000000084300000)
 Metaspace       used 4163K, committed 4416K, reserved 1114112K
  class space    used 453K, committed 576K, reserved 1048576K
}
Event: 1.372 GC heap before
{Heap before GC invocations=2 (full 0):
 PSYoungGen      total 29696K, used 29195K [0x00000000d5580000, 0x00000000d7680000, 0x0000000100000000)
  eden space 25600K, 100% used [0x00000000d5580000,0x00000000d6e80000,0x00000000d6e80000)
  from space 4096K, 87% used [0x00000000d6e80000,0x00000000d7202d90,0x00000000d7280000)
  to   space 4096K, 0% used [0x00000000d7280000,0x00000000d7280000,0x00000000d7680000)
 ParOldGen       total 68608K, used 16K [0x0000000080000000, 0x0000000084300000, 0x00000000d5580000)
  object space 68608K, 0% used [0x0000000080000000,0x0000000080004000,0x0000000084300000)
 Metaspace       used 7954K, committed 8256K, reserved 1114112K
  class space    used 830K, committed 960K, reserved 1048576K
}
Event: 1.377 GC heap after
{Heap after GC invocations=2 (full 0):
 PSYoungGen      total 29696K, used 4085K [0x00000000d5580000, 0x00000000d7680000, 0x0000000100000000)
  eden space 25600K, 0% used [0x00000000d5580000,0x00000000d5580000,0x00000000d6e80000)
  from space 4096K, 99% used [0x00000000d7280000,0x00000000d767d790,0x00000000d7680000)
  to   space 4096K, 0% used [0x00000000d6e80000,0x00000000d6e80000,0x00000000d7280000)
 ParOldGen       total 68608K, used 889K [0x0000000080000000, 0x0000000084300000, 0x00000000d5580000)
  object space 68608K, 1% used [0x0000000080000000,0x00000000800de6a8,0x0000000084300000)
 Metaspace       used 7954K, committed 8256K, reserved 1114112K
  class space    used 830K, committed 960K, reserved 1048576K
}

Dll operation events (9 events):
Event: 0.013 Loaded shared library c:\Users\MAHESH KAKAD\.vscode\extensions\redhat.java-1.45.0-win32-x64\jre\21.0.8-win32-x86_64\bin\java.dll
Event: 0.084 Loaded shared library c:\Users\MAHESH KAKAD\.vscode\extensions\redhat.java-1.45.0-win32-x64\jre\21.0.8-win32-x86_64\bin\zip.dll
Event: 0.106 Loaded shared library C:\Users\MAHESH KAKAD\.vscode\extensions\redhat.java-1.45.0-win32-x64\jre\21.0.8-win32-x86_64\bin\instrument.dll
Event: 0.111 Loaded shared library C:\Users\MAHESH KAKAD\.vscode\extensions\redhat.java-1.45.0-win32-x64\jre\21.0.8-win32-x86_64\bin\net.dll
Event: 0.114 Loaded shared library C:\Users\MAHESH KAKAD\.vscode\extensions\redhat.java-1.45.0-win32-x64\jre\21.0.8-win32-x86_64\bin\nio.dll
Event: 0.117 Loaded shared library C:\Users\MAHESH KAKAD\.vscode\extensions\redhat.java-1.45.0-win32-x64\jre\21.0.8-win32-x86_64\bin\zip.dll
Event: 0.137 Loaded shared library C:\Users\MAHESH KAKAD\.vscode\extensions\redhat.java-1.45.0-win32-x64\jre\21.0.8-win32-x86_64\bin\jimage.dll
Event: 0.238 Loaded shared library c:\Users\MAHESH KAKAD\.vscode\extensions\redhat.java-1.45.0-win32-x64\jre\21.0.8-win32-x86_64\bin\verify.dll
Event: 1.408 Loaded shared library C:\Users\MAHESH KAKAD\AppData\Roaming\Code\User\globalStorage\redhat.java\1.45.0\config_ss_win\org.eclipse.equinox.launcher\org.eclipse.equinox.launcher.win32.win32.x86_64_1.2.1400.v20250801-0854\eclipse_11916.dll

Deoptimization events (20 events):
Event: 1.810 Thread 0x000002736e6594b0 Uncommon trap: trap_request=0xffffffc6 fr.pc=0x00000273623fbfb0 relative=0x0000000000000550
Event: 1.810 Thread 0x000002736e6594b0 Uncommon trap: reason=bimorphic_or_optimized_type_check action=maybe_recompile pc=0x00000273623fbfb0 method=java.io.DataInputStream.readUnsignedByte()I @ 4 c2
Event: 1.810 Thread 0x000002736e6594b0 DEOPT PACKING pc=0x00000273623fbfb0 sp=0x000000efee9f85e0
Event: 1.810 Thread 0x000002736e6594b0 DEOPT UNPACKING pc=0x0000027361c23aa2 sp=0x000000efee9f8528 mode 2
Event: 1.810 Thread 0x000002736e6594b0 Uncommon trap: trap_request=0xffffffc6 fr.pc=0x00000273623fbfb0 relative=0x0000000000000550
Event: 1.810 Thread 0x000002736e6594b0 Uncommon trap: reason=bimorphic_or_optimized_type_check action=maybe_recompile pc=0x00000273623fbfb0 method=java.io.DataInputStream.readUnsignedByte()I @ 4 c2
Event: 1.810 Thread 0x000002736e6594b0 DEOPT PACKING pc=0x00000273623fbfb0 sp=0x000000efee9f85e0
Event: 1.810 Thread 0x000002736e6594b0 DEOPT UNPACKING pc=0x0000027361c23aa2 sp=0x000000efee9f8528 mode 2
Event: 1.810 Thread 0x000002736e6594b0 Uncommon trap: trap_request=0xffffffc6 fr.pc=0x00000273623fbfb0 relative=0x0000000000000550
Event: 1.810 Thread 0x000002736e6594b0 Uncommon trap: reason=bimorphic_or_optimized_type_check action=maybe_recompile pc=0x00000273623fbfb0 method=java.io.DataInputStream.readUnsignedByte()I @ 4 c2
Event: 1.810 Thread 0x000002736e6594b0 DEOPT PACKING pc=0x00000273623fbfb0 sp=0x000000efee9f85e0
Event: 1.810 Thread 0x000002736e6594b0 DEOPT UNPACKING pc=0x0000027361c23aa2 sp=0x000000efee9f8528 mode 2
Event: 1.810 Thread 0x000002736e6594b0 Uncommon trap: trap_request=0xffffffc6 fr.pc=0x00000273623fb034 relative=0x0000000000000554
Event: 1.810 Thread 0x000002736e6594b0 Uncommon trap: reason=bimorphic_or_optimized_type_check action=maybe_recompile pc=0x00000273623fb034 method=java.io.DataInputStream.readUnsignedByte()I @ 4 c2
Event: 1.810 Thread 0x000002736e6594b0 DEOPT PACKING pc=0x00000273623fb034 sp=0x000000efee9f85a0
Event: 1.810 Thread 0x000002736e6594b0 DEOPT UNPACKING pc=0x0000027361c23aa2 sp=0x000000efee9f8548 mode 2
Event: 1.816 Thread 0x000002736e6594b0 Uncommon trap: trap_request=0xffffff45 fr.pc=0x00000273623e1f8c relative=0x000000000000006c
Event: 1.816 Thread 0x000002736e6594b0 Uncommon trap: reason=unstable_if action=reinterpret pc=0x00000273623e1f8c method=java.util.Objects.equals(Ljava/lang/Object;Ljava/lang/Object;)Z @ 6 c2
Event: 1.816 Thread 0x000002736e6594b0 DEOPT PACKING pc=0x00000273623e1f8c sp=0x000000efee9f8a30
Event: 1.816 Thread 0x000002736e6594b0 DEOPT UNPACKING pc=0x0000027361c23aa2 sp=0x000000efee9f89d0 mode 2

Classes loaded (20 events):
Event: 1.662 Loading class java/nio/file/FileSystemException done
Event: 1.662 Loading class java/nio/file/NoSuchFileException done
Event: 1.730 Loading class java/util/Comparators$NaturalOrderComparator
Event: 1.730 Loading class java/util/Comparators$NaturalOrderComparator done
Event: 1.730 Loading class java/util/Collections$ReverseComparator2
Event: 1.730 Loading class java/util/Collections$ReverseComparator2 done
Event: 1.810 Loading class sun/util/calendar/ZoneInfoFile$Checksum
Event: 1.810 Loading class sun/util/calendar/ZoneInfoFile$Checksum done
Event: 1.811 Loading class java/time/zone/ZoneRulesProvider
Event: 1.811 Loading class java/time/zone/ZoneRulesProvider done
Event: 1.811 Loading class java/time/zone/ZoneRulesProvider$1
Event: 1.811 Loading class java/time/zone/ZoneRulesProvider$1 done
Event: 1.812 Loading class java/time/zone/TzdbZoneRulesProvider
Event: 1.812 Loading class java/time/zone/TzdbZoneRulesProvider done
Event: 1.815 Loading class java/time/zone/Ser
Event: 1.815 Loading class java/io/Externalizable
Event: 1.815 Loading class java/io/Externalizable done
Event: 1.815 Loading class java/time/zone/Ser done
Event: 1.819 Loading class java/util/Formatter$FixedString
Event: 1.819 Loading class java/util/Formatter$FixedString done

Classes unloaded (0 events):
No events

Classes redefined (0 events):
No events

Internal exceptions (20 events):
Event: 0.831 Thread 0x0000027355ebd300 Exception <a 'java/io/FileNotFoundException'{0x00000000d5825f58}> (0x00000000d5825f58) 
thrown [s\src\hotspot\share\prims\jni.cpp, line 520]
Event: 0.869 Thread 0x0000027355ebd300 Implicit null exception at 0x000002736237f3c9 to 0x000002736237fd3c
Event: 0.869 Thread 0x0000027355ebd300 Implicit null exception at 0x000002736238751a to 0x0000027362387724
Event: 0.870 Thread 0x0000027355ebd300 Exception <a 'java/lang/NoSuchMethodError'{0x00000000d5952358}: 'void java.lang.invoke.DirectMethodHandle$Holder.invokeStatic(java.lang.Object, java.lang.Object, java.lang.Object, java.lang.Object)'> (0x00000000d5952358) 
thrown [s\src\hotspot\share\interpreter\linkResolver.cpp, line 773]
Event: 0.872 Thread 0x0000027355ebd300 Implicit null exception at 0x000002736238081a to 0x0000027362380a24
Event: 0.872 Thread 0x0000027355ebd300 Implicit null exception at 0x000002736237e03d to 0x000002736237e0c1
Event: 0.949 Thread 0x0000027355ebd300 Exception <a 'java/lang/NoSuchMethodError'{0x00000000d5c49228}: 'void java.lang.invoke.DirectMethodHandle$Holder.invokeSpecial(java.lang.Object, java.lang.Object, java.lang.Object)'> (0x00000000d5c49228) 
thrown [s\src\hotspot\share\interpreter\linkResolver.cpp, line 773]
Event: 1.176 Thread 0x0000027355ebd300 Exception <a 'java/lang/NoSuchMethodError'{0x00000000d650ae78}: 'int java.lang.invoke.DirectMethodHandle$Holder.invokeVirtual(java.lang.Object, java.lang.Object)'> (0x00000000d650ae78) 
thrown [s\src\hotspot\share\interpreter\linkResolver.cpp, line 773]
Event: 1.214 Thread 0x0000027355ebd300 Exception <a 'java/lang/NoSuchMethodError'{0x00000000d66803a0}: 'int java.lang.invoke.DirectMethodHandle$Holder.invokeStaticInit(java.lang.Object, java.lang.Object, java.lang.Object, java.lang.Object)'> (0x00000000d66803a0) 
thrown [s\src\hotspot\share\interpreter\linkResolver.cpp, line 773]
Event: 1.215 Thread 0x0000027355ebd300 Exception <a 'java/lang/IncompatibleClassChangeError'{0x00000000d6688828}: Found class java.lang.Object, but interface was expected> (0x00000000d6688828) 
thrown [s\src\hotspot\share\interpreter\linkResolver.cpp, line 840]
Event: 1.216 Thread 0x0000027355ebd300 Exception <a 'java/lang/NoSuchMethodError'{0x00000000d668edf8}: 'void java.lang.invoke.DirectMethodHandle$Holder.invokeStaticInit(java.lang.Object, java.lang.Object)'> (0x00000000d668edf8) 
thrown [s\src\hotspot\share\interpreter\linkResolver.cpp, line 773]
Event: 1.217 Thread 0x0000027355ebd300 Exception <a 'java/lang/NoSuchMethodError'{0x00000000d6698010}: 'int java.lang.invoke.DirectMethodHandle$Holder.invokeStaticInit(java.lang.Object, java.lang.Object)'> (0x00000000d6698010) 
thrown [s\src\hotspot\share\interpreter\linkResolver.cpp, line 773]
Event: 1.253 Thread 0x0000027355ebd300 Exception <a 'java/lang/NoSuchMethodError'{0x00000000d68eb498}: 'java.lang.Object java.lang.invoke.DirectMethodHandle$Holder.newInvokeSpecial(java.lang.Object, int, java.lang.Object)'> (0x00000000d68eb498) 
thrown [s\src\hotspot\share\interpreter\linkResolver.cpp, line 773]
Event: 1.283 Thread 0x0000027355ebd300 Exception <a 'java/lang/ClassNotFoundException'{0x00000000d6b08048}: sun/net/www/protocol/plurl/Handler> (0x00000000d6b08048) 
thrown [s\src\hotspot\share\classfile\systemDictionary.cpp, line 312]
Event: 1.283 Thread 0x0000027355ebd300 Exception <a 'java/lang/ClassNotFoundException'{0x00000000d6b08ec8}: sun/net/www/protocol/plurl/Handler> (0x00000000d6b08ec8) 
thrown [s\src\hotspot\share\classfile\systemDictionary.cpp, line 312]
Event: 1.402 Thread 0x0000027355ebd300 Exception <a 'java/lang/UnsatisfiedLinkError'{0x00000000d5694150}: 'void org.eclipse.equinox.launcher.JNIBridge._update_splash()'> (0x00000000d5694150) 
thrown [s\src\hotspot\share\prims\nativeLookup.cpp, line 415]
Event: 1.462 Thread 0x000002736e6594b0 Exception <a 'java/lang/NullPointerException'{0x00000000d5a65ee0}> (0x00000000d5a65ee0) 
thrown [s\src\hotspot\share\interpreter\linkResolver.cpp, line 1372]
Event: 1.462 Thread 0x000002736e6594b0 Exception <a 'java/lang/NullPointerException'{0x00000000d5a661c0}> (0x00000000d5a661c0) 
thrown [s\src\hotspot\share\interpreter\linkResolver.cpp, line 1372]
Event: 1.675 Thread 0x000002736e6594b0 Exception <a 'java/io/FileNotFoundException'{0x00000000d64f1ab8}> (0x00000000d64f1ab8) 
thrown [s\src\hotspot\share\prims\jni.cpp, line 520]
Event: 1.763 Thread 0x000002736e6594b0 Exception <a 'java/lang/NoSuchMethodError'{0x00000000d6829870}: 'java.lang.Object java.lang.invoke.Invokers$Holder.linkToTargetMethod(java.lang.Object, long, java.lang.Object)'> (0x00000000d6829870) 
thrown [s\src\hotspot\share\interpreter\linkResolver.cpp, line 773]

ZGC Phase Switch (0 events):
No events

VM Operations (20 events):
Event: 0.779 Executing VM operation: ParallelGCFailedAllocation (Allocation Failure)
Event: 0.786 Executing VM operation: ParallelGCFailedAllocation (Allocation Failure) done
Event: 0.855 Executing VM operation: HandshakeAllThreads (Deoptimize)
Event: 0.855 Executing VM operation: HandshakeAllThreads (Deoptimize) done
Event: 1.238 Executing VM operation: HandshakeAllThreads (Deoptimize)
Event: 1.238 Executing VM operation: HandshakeAllThreads (Deoptimize) done
Event: 1.244 Executing VM operation: HandshakeAllThreads (Deoptimize)
Event: 1.244 Executing VM operation: HandshakeAllThreads (Deoptimize) done
Event: 1.273 Executing VM operation: HandshakeAllThreads (Deoptimize)
Event: 1.273 Executing VM operation: HandshakeAllThreads (Deoptimize) done
Event: 1.281 Executing VM operation: HandshakeAllThreads (Deoptimize)
Event: 1.281 Executing VM operation: HandshakeAllThreads (Deoptimize) done
Event: 1.304 Executing VM operation: ICBufferFull
Event: 1.304 Executing VM operation: ICBufferFull done
Event: 1.372 Executing VM operation: ParallelGCFailedAllocation (Allocation Failure)
Event: 1.377 Executing VM operation: ParallelGCFailedAllocation (Allocation Failure) done
Event: 1.552 Executing VM operation: HandshakeAllThreads (Deoptimize)
Event: 1.552 Executing VM operation: HandshakeAllThreads (Deoptimize) done
Event: 1.811 Executing VM operation: HandshakeAllThreads (Deoptimize)
Event: 1.811 Executing VM operation: HandshakeAllThreads (Deoptimize) done

Memory protections (0 events):
No events

Nmethod flushes (0 events):
No events

Events (20 events):
Event: 0.044 Thread 0x0000027355ebd300 Thread added: 0x000002736fb52d10
Event: 0.071 Thread 0x0000027355ebd300 Thread added: 0x000002736e6573e0
Event: 0.082 Thread 0x000002736fb52d10 Thread added: 0x000002736fc4c610
Event: 0.091 Thread 0x000002736fc4c610 Thread added: 0x000002736fc81480
Event: 0.145 Thread 0x000002736fb4faf0 Thread added: 0x000002736fdf3740
Event: 0.145 Thread 0x000002736fb4faf0 Thread added: 0x000002736fdf5110
Event: 0.336 Thread 0x000002736fc81480 Thread exited: 0x000002736fc81480
Event: 0.363 Thread 0x0000027355ebd300 Thread added: 0x000002736e656030
Event: 0.370 Thread 0x000002736fc4c610 Thread added: 0x00000273714f6410
Event: 0.482 Thread 0x000002736fb52d10 Thread added: 0x00000273714d57b0
Event: 0.998 Thread 0x000002736fdf5110 Thread added: 0x0000027371b21170
Event: 1.229 Thread 0x0000027355ebd300 Thread added: 0x000002736e6566c0
Event: 1.396 Thread 0x0000027355ebd300 Thread added: 0x000002736e658e20
Event: 1.401 Thread 0x0000027355ebd300 Thread added: 0x000002736e6594b0
Event: 1.434 Thread 0x000002736e6594b0 Thread added: 0x000002736e657a70
Event: 1.527 Thread 0x0000027371b21170 Thread exited: 0x0000027371b21170
Event: 1.528 Thread 0x00000273714d57b0 Thread exited: 0x00000273714d57b0
Event: 1.540 Thread 0x000002736e6594b0 Thread added: 0x000002736e656d50
Event: 1.630 Thread 0x000002736fb4faf0 Thread added: 0x0000027376466a30
Event: 1.630 Thread 0x000002736fb4faf0 Thread added: 0x0000027376460ff0


Dynamic libraries:
0x00007ff737ab0000 - 0x00007ff737abe000 	c:\Users\MAHESH KAKAD\.vscode\extensions\redhat.java-1.45.0-win32-x64\jre\21.0.8-win32-x86_64\bin\java.exe
0x00007ffba06a0000 - 0x00007ffba0909000 	C:\WINDOWS\SYSTEM32\ntdll.dll
0x00007ffba0580000 - 0x00007ffba0649000 	C:\WINDOWS\System32\KERNEL32.DLL
0x00007ffb9d830000 - 0x00007ffb9dc23000 	C:\WINDOWS\System32\KERNELBASE.dll
0x00007ffb9dce0000 - 0x00007ffb9de2b000 	C:\WINDOWS\System32\ucrtbase.dll
0x00007ffb71330000 - 0x00007ffb71348000 	c:\Users\MAHESH KAKAD\.vscode\extensions\redhat.java-1.45.0-win32-x64\jre\21.0.8-win32-x86_64\bin\jli.dll
0x00007ffb821d0000 - 0x00007ffb821ee000 	c:\Users\MAHESH KAKAD\.vscode\extensions\redhat.java-1.45.0-win32-x64\jre\21.0.8-win32-x86_64\bin\VCRUNTIME140.dll
0x00007ffb9e470000 - 0x00007ffb9e634000 	C:\WINDOWS\System32\USER32.dll
0x00007ffb9de30000 - 0x00007ffb9de57000 	C:\WINDOWS\System32\win32u.dll
0x00007ffb8a880000 - 0x00007ffb8ab13000 	C:\WINDOWS\WinSxS\amd64_microsoft.windows.common-controls_6595b64144ccf1df_6.0.26100.5074_none_3e0d6f78e32fd63f\COMCTL32.dll
0x00007ffb9fa30000 - 0x00007ffb9fa5b000 	C:\WINDOWS\System32\GDI32.dll
0x00007ffb9ead0000 - 0x00007ffb9eb79000 	C:\WINDOWS\System32\msvcrt.dll
0x00007ffb9dfe0000 - 0x00007ffb9e10d000 	C:\WINDOWS\System32\gdi32full.dll
0x00007ffb9dc30000 - 0x00007ffb9dcd3000 	C:\WINDOWS\System32\msvcp_win.dll
0x00007ffb9f9f0000 - 0x00007ffb9fa1f000 	C:\WINDOWS\System32\IMM32.DLL
0x00007ffb8c250000 - 0x00007ffb8c25c000 	c:\Users\MAHESH KAKAD\.vscode\extensions\redhat.java-1.45.0-win32-x64\jre\21.0.8-win32-x86_64\bin\vcruntime140_1.dll
0x00007ffb2a9e0000 - 0x00007ffb2aa6d000 	c:\Users\MAHESH KAKAD\.vscode\extensions\redhat.java-1.45.0-win32-x64\jre\21.0.8-win32-x86_64\bin\msvcp140.dll
0x00007ffac92e0000 - 0x00007ffaca077000 	c:\Users\MAHESH KAKAD\.vscode\extensions\redhat.java-1.45.0-win32-x64\jre\21.0.8-win32-x86_64\bin\server\jvm.dll
0x00007ffb9eb80000 - 0x00007ffb9ec34000 	C:\WINDOWS\System32\ADVAPI32.dll
0x00007ffb9f940000 - 0x00007ffb9f9e6000 	C:\WINDOWS\System32\sechost.dll
0x00007ffb9ff20000 - 0x00007ffba0038000 	C:\WINDOWS\System32\RPCRT4.dll
0x00007ffb9f8c0000 - 0x00007ffb9f934000 	C:\WINDOWS\System32\WS2_32.dll
0x00007ffb9d690000 - 0x00007ffb9d6ee000 	C:\WINDOWS\SYSTEM32\POWRPROF.dll
0x00007ffb96490000 - 0x00007ffb964c5000 	C:\WINDOWS\SYSTEM32\WINMM.dll
0x00007ffb964d0000 - 0x00007ffb964db000 	C:\WINDOWS\SYSTEM32\VERSION.dll
0x00007ffb9d670000 - 0x00007ffb9d684000 	C:\WINDOWS\SYSTEM32\UMPDC.dll
0x00007ffb9c610000 - 0x00007ffb9c62b000 	C:\WINDOWS\SYSTEM32\kernel.appcore.dll
0x00007ffb81380000 - 0x00007ffb8138a000 	c:\Users\MAHESH KAKAD\.vscode\extensions\redhat.java-1.45.0-win32-x64\jre\21.0.8-win32-x86_64\bin\jimage.dll
0x00007ffb9ae00000 - 0x00007ffb9b042000 	C:\WINDOWS\SYSTEM32\DBGHELP.DLL
0x00007ffb9f540000 - 0x00007ffb9f8bb000 	C:\WINDOWS\System32\combase.dll
0x00007ffba0440000 - 0x00007ffba0517000 	C:\WINDOWS\System32\OLEAUT32.dll
0x00007ffb8a580000 - 0x00007ffb8a5bd000 	C:\WINDOWS\SYSTEM32\dbgcore.DLL
0x00007ffb9e3d0000 - 0x00007ffb9e469000 	C:\WINDOWS\System32\bcryptPrimitives.dll
0x00007ffb93c90000 - 0x00007ffb93c9f000 	c:\Users\MAHESH KAKAD\.vscode\extensions\redhat.java-1.45.0-win32-x64\jre\21.0.8-win32-x86_64\bin\instrument.dll
0x00007ffb6d380000 - 0x00007ffb6d39f000 	c:\Users\MAHESH KAKAD\.vscode\extensions\redhat.java-1.45.0-win32-x64\jre\21.0.8-win32-x86_64\bin\java.dll
0x00007ffb9ec50000 - 0x00007ffb9f39d000 	C:\WINDOWS\System32\SHELL32.dll
0x00007ffb9e1d0000 - 0x00007ffb9e33c000 	C:\WINDOWS\System32\wintypes.dll
0x00007ffb9b470000 - 0x00007ffb9bcc9000 	C:\WINDOWS\SYSTEM32\windows.storage.dll
0x00007ffb9f3c0000 - 0x00007ffb9f4b0000 	C:\WINDOWS\System32\SHCORE.dll
0x00007ffb9fa60000 - 0x00007ffb9fac2000 	C:\WINDOWS\System32\shlwapi.dll
0x00007ffb9d750000 - 0x00007ffb9d779000 	C:\WINDOWS\SYSTEM32\profapi.dll
0x00007ffb6c9c0000 - 0x00007ffb6c9d8000 	c:\Users\MAHESH KAKAD\.vscode\extensions\redhat.java-1.45.0-win32-x64\jre\21.0.8-win32-x86_64\bin\zip.dll
0x00007ffb7e430000 - 0x00007ffb7e440000 	C:\Users\MAHESH KAKAD\.vscode\extensions\redhat.java-1.45.0-win32-x64\jre\21.0.8-win32-x86_64\bin\net.dll
0x00007ffb93a40000 - 0x00007ffb93b5f000 	C:\WINDOWS\SYSTEM32\WINHTTP.dll
0x00007ffb9cb90000 - 0x00007ffb9cbfb000 	C:\WINDOWS\system32\mswsock.dll
0x00007ffb6c830000 - 0x00007ffb6c846000 	C:\Users\MAHESH KAKAD\.vscode\extensions\redhat.java-1.45.0-win32-x64\jre\21.0.8-win32-x86_64\bin\nio.dll
0x00007ffb93c80000 - 0x00007ffb93c90000 	c:\Users\MAHESH KAKAD\.vscode\extensions\redhat.java-1.45.0-win32-x64\jre\21.0.8-win32-x86_64\bin\verify.dll
0x00007ffb71450000 - 0x00007ffb71494000 	C:\Users\MAHESH KAKAD\AppData\Roaming\Code\User\globalStorage\redhat.java\1.45.0\config_ss_win\org.eclipse.equinox.launcher\org.eclipse.equinox.launcher.win32.win32.x86_64_1.2.1400.v20250801-0854\eclipse_11916.dll
0x00007ffb9fbd0000 - 0x00007ffb9fd68000 	C:\WINDOWS\System32\ole32.dll

JVMTI agents:
c:\Users\MAHESH KAKAD\.vscode\extensions\redhat.java-1.45.0-win32-x64\lombok\lombok-1.18.39-4050.jar path:c:\Users\MAHESH KAKAD\.vscode\extensions\redhat.java-1.45.0-win32-x64\jre\21.0.8-win32-x86_64\bin\instrument.dll, loaded, initialized, instrumentlib options:none

dbghelp: loaded successfully - version: 4.0.5 - missing functions: none
symbol engine: initialized successfully - sym options: 0x614 - pdb path: .;c:\Users\MAHESH KAKAD\.vscode\extensions\redhat.java-1.45.0-win32-x64\jre\21.0.8-win32-x86_64\bin;C:\WINDOWS\SYSTEM32;C:\WINDOWS\WinSxS\amd64_microsoft.windows.common-controls_6595b64144ccf1df_6.0.26100.5074_none_3e0d6f78e32fd63f;c:\Users\MAHESH KAKAD\.vscode\extensions\redhat.java-1.45.0-win32-x64\jre\21.0.8-win32-x86_64\bin\server;C:\Users\MAHESH KAKAD\AppData\Roaming\Code\User\globalStorage\redhat.java\1.45.0\config_ss_win\org.eclipse.equinox.launcher\org.eclipse.equinox.launcher.win32.win32.x86_64_1.2.1400.v20250801-0854

VM Arguments:
jvm_args: --add-modules=ALL-SYSTEM --add-opens=java.base/java.util=ALL-UNNAMED --add-opens=java.base/java.lang=ALL-UNNAMED --add-opens=java.base/sun.nio.fs=ALL-UNNAMED -Declipse.application=org.eclipse.jdt.ls.core.id1 -Dosgi.bundles.defaultStartLevel=4 -Declipse.product=org.eclipse.jdt.ls.core.product -Djava.import.generatesMetadataFilesAtProjectRoot=false -DDetectVMInstallationsJob.disabled=true -Dfile.encoding=utf8 -XX:+UseParallelGC -XX:GCTimeRatio=4 -XX:AdaptiveSizePolicyWeight=90 -Dsun.zip.disableMemoryMapping=true -Xmx2G -Xms100m -Xlog:disable -javaagent:c:\Users\MAHESH KAKAD\.vscode\extensions\redhat.java-1.45.0-win32-x64\lombok\lombok-1.18.39-4050.jar 
java_command: c:\Users\MAHESH KAKAD\.vscode\extensions\redhat.java-1.45.0-win32-x64\server\plugins\org.eclipse.equinox.launcher_1.7.0.v20250519-0528.jar -configuration c:\Users\MAHESH KAKAD\AppData\Roaming\Code\User\globalStorage\redhat.java\1.45.0\config_ss_win -data c:\Users\MAHESH KAKAD\AppData\Roaming\Code\User\workspaceStorage\83e56ced578811cd3a753f34d15c6b3a\redhat.java\ss_ws --pipe=\\.\pipe\lsp-39fb8a8294f5c59e1d39f648c8eb3ed7-sock
java_class_path (initial): c:\Users\MAHESH KAKAD\.vscode\extensions\redhat.java-1.45.0-win32-x64\server\plugins\org.eclipse.equinox.launcher_1.7.0.v20250519-0528.jar
Launcher Type: SUN_STANDARD

[Global flags]
    uintx AdaptiveSizePolicyWeight                 = 90                                        {product} {command line}
     intx CICompilerCount                          = 12                                        {product} {ergonomic}
    uintx GCTimeRatio                              = 4                                         {product} {command line}
   size_t InitialHeapSize                          = 104857600                                 {product} {command line}
   size_t MaxHeapSize                              = 2147483648                                {product} {command line}
   size_t MaxNewSize                               = 715653120                                 {product} {ergonomic}
   size_t MinHeapDeltaBytes                        = 524288                                    {product} {ergonomic}
   size_t MinHeapSize                              = 104857600                                 {product} {command line}
   size_t NewSize                                  = 34603008                                  {product} {ergonomic}
    uintx NonNMethodCodeHeapSize                   = 7602480                                {pd product} {ergonomic}
    uintx NonProfiledCodeHeapSize                  = 122027880                              {pd product} {ergonomic}
   size_t OldSize                                  = 70254592                                  {product} {ergonomic}
    uintx ProfiledCodeHeapSize                     = 122027880                              {pd product} {ergonomic}
    uintx ReservedCodeCacheSize                    = 251658240                              {pd product} {ergonomic}
     bool SegmentedCodeCache                       = true                                      {product} {ergonomic}
   size_t SoftMaxHeapSize                          = 2147483648                             {manageable} {ergonomic}
     bool UseCompressedOops                        = true                           {product lp64_product} {ergonomic}
     bool UseLargePagesIndividualAllocation        = false                                  {pd product} {ergonomic}
     bool UseParallelGC                            = true                                      {product} {command line}

Logging:
Log output configuration:
 #0: stdout all=off uptime,level,tags foldmultilines=false
 #1: stderr all=off uptime,level,tags foldmultilines=false

Environment Variables:
JAVA_HOME=C:\Program Files\Microsoft\jdk-17.0.16.8-hotspot
PATH=C:\Program Files\Microsoft\jdk-17.0.16.8-hotspot\bin;C:\Program Files\Common Files\Oracle\Java\javapath;C:\WINDOWS\system32;C:\WINDOWS;C:\WINDOWS\System32\Wbem;C:\WINDOWS\System32\WindowsPowerShell\v1.0\;C:\WINDOWS\System32\OpenSSH\;C:\MinGW\bin;C:\Program Files\Java\jdk-20\bin;C:\Program Files\Git\cmd;C:\Program Files\Git\mingw64\bin;C:\Program Files\Git\usr\bin;C:\Program Files\Docker\Docker\resources\bin;C:\Program Files\Microsoft SQL Server\Client SDK\ODBC\170\Tools\Binn\;C:\Program Files\MongoDB\mongosh-2.1.5-win32-x64\bin;C:\Program Files\GitHub CLI\;C:\Program Files\dotnet\;C:\Program Files (x86)\Windows Kits\10\Windows Performance Toolkit\;C:\Program Files\MySQL\MySQL Server 8.0\bin;C:\ProgramData\chocolatey\bin;C:\Program Files\nodejs\;C:\Program Files\CMake\bin;C:\Android\Sdk\platforms;C:\Android\Sdk;C:\Android\Sdk\platform-tools;C:\Android\Sdk\emulator;C:\Android\Sdk\build-tools;C:\Program Files\MySQL\MySQL Shell 8.0\bin\;C:\Users\MAHESH KAKAD\AppData\Local\Programs\Python\Python312\Scripts\;C:\Users\MAHESH KAKAD\AppData\Local\Programs\Python\Python312\;C:\Users\MAHESH KAKAD\AppData\Local\Programs\Python\Launcher\;C:\Users\MAHESH KAKAD\anaconda3;C:\Users\MAHESH KAKAD\anaconda3\Library\mingw-w64\bin;C:\Users\MAHESH KAKAD\anaconda3\Library\usr\bin;C:\Users\MAHESH KAKAD\anaconda3\Library\bin;C:\Users\MAHESH KAKAD\anaconda3\Scripts;C:\Users\MAHESH KAKAD\AppData\Local\Microsoft\WindowsApps;C:\Users\MAHESH KAKAD\AppData\Local\GitHubDesktop\bin;C:\Users\MAHESH KAKAD\AppData\Local\Programs\Microsoft VS Code\bin;C:\Users\MAHESH KAKAD\.dotnet\tools;C:\Users\MAHESH KAKAD\AppData\Roaming\npm;C:\Android\Sdk\platform-tools;C:\Android\Sdk;C:\Android\Sdk\emulator;C:\Android\Sdk\build-tools;C:\Android\Sdk\platforms;C:\Program Files\Microsoft\jdk-17.0.16.8-hotspot\bin;
USERNAME=MAHESH KAKAD
OS=Windows_NT
PROCESSOR_IDENTIFIER=AMD64 Family 25 Model 80 Stepping 0, AuthenticAMD
TMP=C:\Users\MAHESH~1\AppData\Local\Temp
TEMP=C:\Users\MAHESH~1\AppData\Local\Temp




Periodic native trim disabled

---------------  S Y S T E M  ---------------

OS:
 Windows 11 , 64 bit Build 26100 (10.0.26100.5074)
OS uptime: 0 days 1:10 hours
Hyper-V role detected

CPU: total 16 (initial active 16) (16 cores per cpu, 2 threads per core) family 25 model 80 stepping 0 microcode 0xa50000d, cx8, cmov, fxsr, ht, mmx, 3dnowpref, sse, sse2, sse3, ssse3, sse4a, sse4.1, sse4.2, popcnt, lzcnt, tsc, tscinvbit, avx, avx2, aes, erms, clmul, bmi1, bmi2, adx, sha, fma, vzeroupper, clflush, clflushopt, hv, rdtscp, rdpid, fsrm, f16c, cet_ss
Processor Information for processor 0
  Max Mhz: 3201, Current Mhz: 3201, Mhz Limit: 3201
Processor Information for processor 1
  Max Mhz: 3201, Current Mhz: 3201, Mhz Limit: 3201
Processor Information for processor 2
  Max Mhz: 3201, Current Mhz: 3201, Mhz Limit: 3201
Processor Information for processor 3
  Max Mhz: 3201, Current Mhz: 2555, Mhz Limit: 3201
Processor Information for processor 4
  Max Mhz: 3201, Current Mhz: 2555, Mhz Limit: 3201
Processor Information for processor 5
  Max Mhz: 3201, Current Mhz: 3201, Mhz Limit: 3201
Processor Information for processor 6
  Max Mhz: 3201, Current Mhz: 3201, Mhz Limit: 3201
Processor Information for processor 7
  Max Mhz: 3201, Current Mhz: 3201, Mhz Limit: 3201
Processor Information for processor 8
  Max Mhz: 3201, Current Mhz: 3201, Mhz Limit: 3201
Processor Information for processor 9
  Max Mhz: 3201, Current Mhz: 3201, Mhz Limit: 3201
Processor Information for processor 10
  Max Mhz: 3201, Current Mhz: 3201, Mhz Limit: 3201
Processor Information for processor 11
  Max Mhz: 3201, Current Mhz: 3201, Mhz Limit: 3201
Processor Information for processor 12
  Max Mhz: 3201, Current Mhz: 3201, Mhz Limit: 3201
Processor Information for processor 13
  Max Mhz: 3201, Current Mhz: 3201, Mhz Limit: 3201
Processor Information for processor 14
  Max Mhz: 3201, Current Mhz: 3201, Mhz Limit: 3201
Processor Information for processor 15
  Max Mhz: 3201, Current Mhz: 2555, Mhz Limit: 3201

Memory: 4k page, system-wide physical 15775M (1349M free)
TotalPageFile size 25011M (AvailPageFile size 246M)
current process WorkingSet (physical memory assigned to process): 106M, peak: 106M
current process commit charge ("private bytes"): 267M, peak: 267M

vm_info: OpenJDK 64-Bit Server VM (21.0.8+9-LTS) for windows-amd64 JRE (21.0.8+9-LTS), built on 2025-07-15T00:00:00Z by "admin" with MS VC++ 17.7 (VS2022)

END.
